[2016-05-11 20:56:31] local.ERROR: exception 'ErrorException' with message 'file_put_contents(C:\xampp\htdocs\api_shopadvisor\api_shopadvisor\storage\framework/sessions/3e8e0d764efbf4d3f3fb276a3745b2ad345d0363): failed to open stream: No such file or directory' in C:\xampp\htdocs\api_shopadvisor\api_shopadvisor\vendor\laravel\framework\src\Illuminate\Filesystem\Filesystem.php:109
Stack trace:
#0 [internal function]: Illuminate\Foundation\Bootstrap\HandleExceptions->handleError(2, 'file_put_conten...', 'C:\\xampp\\htdocs...', 109, Array)
#1 C:\xampp\htdocs\api_shopadvisor\api_shopadvisor\vendor\laravel\framework\src\Illuminate\Filesystem\Filesystem.php(109): file_put_contents('C:\\xampp\\htdocs...', 'a:3:{s:6:"_toke...', 2)
#2 C:\xampp\htdocs\api_shopadvisor\api_shopadvisor\vendor\laravel\framework\src\Illuminate\Session\FileSessionHandler.php(71): Illuminate\Filesystem\Filesystem->put('C:\\xampp\\htdocs...', 'a:3:{s:6:"_toke...', true)
#3 C:\xampp\htdocs\api_shopadvisor\api_shopadvisor\vendor\laravel\framework\src\Illuminate\Session\Store.php(262): Illuminate\Session\FileSessionHandler->write('3e8e0d764efbf4d...', 'a:3:{s:6:"_toke...')
#4 C:\xampp\htdocs\api_shopadvisor\api_shopadvisor\vendor\laravel\framework\src\Illuminate\Session\Middleware\StartSession.php(88): Illuminate\Session\Store->save()
#5 C:\xampp\htdocs\api_shopadvisor\api_shopadvisor\vendor\laravel\framework\src\Illuminate\Foundation\Http\Kernel.php(155): Illuminate\Session\Middleware\StartSession->terminate(Object(Illuminate\Http\Request), Object(Illuminate\Http\JsonResponse))
#6 C:\xampp\htdocs\api_shopadvisor\api_shopadvisor\public\index.php(58): Illuminate\Foundation\Http\Kernel->terminate(Object(Illuminate\Http\Request), Object(Illuminate\Http\JsonResponse))
#7 {main}  
[2016-05-11 20:57:11] local.ERROR: exception 'ErrorException' with message 'file_put_contents(C:\xampp\htdocs\api_shopadvisor\api_shopadvisor\storage\framework/sessions/3e8e0d764efbf4d3f3fb276a3745b2ad345d0363): failed to open stream: No such file or directory' in C:\xampp\htdocs\api_shopadvisor\api_shopadvisor\vendor\laravel\framework\src\Illuminate\Filesystem\Filesystem.php:109
Stack trace:
#0 [internal function]: Illuminate\Foundation\Bootstrap\HandleExceptions->handleError(2, 'file_put_conten...', 'C:\\xampp\\htdocs...', 109, Array)
#1 C:\xampp\htdocs\api_shopadvisor\api_shopadvisor\vendor\laravel\framework\src\Illuminate\Filesystem\Filesystem.php(109): file_put_contents('C:\\xampp\\htdocs...', 'a:3:{s:6:"_toke...', 2)
#2 C:\xampp\htdocs\api_shopadvisor\api_shopadvisor\vendor\laravel\framework\src\Illuminate\Session\FileSessionHandler.php(71): Illuminate\Filesystem\Filesystem->put('C:\\xampp\\htdocs...', 'a:3:{s:6:"_toke...', true)
#3 C:\xampp\htdocs\api_shopadvisor\api_shopadvisor\vendor\laravel\framework\src\Illuminate\Session\Store.php(262): Illuminate\Session\FileSessionHandler->write('3e8e0d764efbf4d...', 'a:3:{s:6:"_toke...')
#4 C:\xampp\htdocs\api_shopadvisor\api_shopadvisor\vendor\laravel\framework\src\Illuminate\Session\Middleware\StartSession.php(88): Illuminate\Session\Store->save()
#5 C:\xampp\htdocs\api_shopadvisor\api_shopadvisor\vendor\laravel\framework\src\Illuminate\Foundation\Http\Kernel.php(155): Illuminate\Session\Middleware\StartSession->terminate(Object(Illuminate\Http\Request), Object(Illuminate\Http\JsonResponse))
#6 C:\xampp\htdocs\api_shopadvisor\api_shopadvisor\public\index.php(58): Illuminate\Foundation\Http\Kernel->terminate(Object(Illuminate\Http\Request), Object(Illuminate\Http\JsonResponse))
#7 {main}  
[2016-05-11 21:00:02] local.ERROR: exception 'ErrorException' with message 'file_put_contents(C:\xampp\htdocs\api_shopadvisor\api_shopadvisor\storage\framework/sessions/3e8e0d764efbf4d3f3fb276a3745b2ad345d0363): failed to open stream: No such file or directory' in C:\xampp\htdocs\api_shopadvisor\api_shopadvisor\vendor\laravel\framework\src\Illuminate\Filesystem\Filesystem.php:109
Stack trace:
#0 [internal function]: Illuminate\Foundation\Bootstrap\HandleExceptions->handleError(2, 'file_put_conten...', 'C:\\xampp\\htdocs...', 109, Array)
#1 C:\xampp\htdocs\api_shopadvisor\api_shopadvisor\vendor\laravel\framework\src\Illuminate\Filesystem\Filesystem.php(109): file_put_contents('C:\\xampp\\htdocs...', 'a:3:{s:6:"_toke...', 2)
#2 C:\xampp\htdocs\api_shopadvisor\api_shopadvisor\vendor\laravel\framework\src\Illuminate\Session\FileSessionHandler.php(71): Illuminate\Filesystem\Filesystem->put('C:\\xampp\\htdocs...', 'a:3:{s:6:"_toke...', true)
#3 C:\xampp\htdocs\api_shopadvisor\api_shopadvisor\vendor\laravel\framework\src\Illuminate\Session\Store.php(262): Illuminate\Session\FileSessionHandler->write('3e8e0d764efbf4d...', 'a:3:{s:6:"_toke...')
#4 C:\xampp\htdocs\api_shopadvisor\api_shopadvisor\vendor\laravel\framework\src\Illuminate\Session\Middleware\StartSession.php(88): Illuminate\Session\Store->save()
#5 C:\xampp\htdocs\api_shopadvisor\api_shopadvisor\vendor\laravel\framework\src\Illuminate\Foundation\Http\Kernel.php(155): Illuminate\Session\Middleware\StartSession->terminate(Object(Illuminate\Http\Request), Object(Illuminate\Http\JsonResponse))
#6 C:\xampp\htdocs\api_shopadvisor\api_shopadvisor\public\index.php(58): Illuminate\Foundation\Http\Kernel->terminate(Object(Illuminate\Http\Request), Object(Illuminate\Http\JsonResponse))
#7 {main}  
[2016-05-11 21:00:35] local.ERROR: exception 'ErrorException' with message 'file_put_contents(C:\xampp\htdocs\api_shopadvisor\api_shopadvisor\storage\framework/sessions/3e8e0d764efbf4d3f3fb276a3745b2ad345d0363): failed to open stream: No such file or directory' in C:\xampp\htdocs\api_shopadvisor\api_shopadvisor\vendor\laravel\framework\src\Illuminate\Filesystem\Filesystem.php:109
Stack trace:
#0 [internal function]: Illuminate\Foundation\Bootstrap\HandleExceptions->handleError(2, 'file_put_conten...', 'C:\\xampp\\htdocs...', 109, Array)
#1 C:\xampp\htdocs\api_shopadvisor\api_shopadvisor\vendor\laravel\framework\src\Illuminate\Filesystem\Filesystem.php(109): file_put_contents('C:\\xampp\\htdocs...', 'a:3:{s:6:"_toke...', 2)
#2 C:\xampp\htdocs\api_shopadvisor\api_shopadvisor\vendor\laravel\framework\src\Illuminate\Session\FileSessionHandler.php(71): Illuminate\Filesystem\Filesystem->put('C:\\xampp\\htdocs...', 'a:3:{s:6:"_toke...', true)
#3 C:\xampp\htdocs\api_shopadvisor\api_shopadvisor\vendor\laravel\framework\src\Illuminate\Session\Store.php(262): Illuminate\Session\FileSessionHandler->write('3e8e0d764efbf4d...', 'a:3:{s:6:"_toke...')
#4 C:\xampp\htdocs\api_shopadvisor\api_shopadvisor\vendor\laravel\framework\src\Illuminate\Session\Middleware\StartSession.php(88): Illuminate\Session\Store->save()
#5 C:\xampp\htdocs\api_shopadvisor\api_shopadvisor\vendor\laravel\framework\src\Illuminate\Foundation\Http\Kernel.php(155): Illuminate\Session\Middleware\StartSession->terminate(Object(Illuminate\Http\Request), Object(Illuminate\Http\JsonResponse))
#6 C:\xampp\htdocs\api_shopadvisor\api_shopadvisor\public\index.php(58): Illuminate\Foundation\Http\Kernel->terminate(Object(Illuminate\Http\Request), Object(Illuminate\Http\JsonResponse))
#7 {main}  
[2016-05-11 21:00:53] local.ERROR: exception 'ErrorException' with message 'file_put_contents(C:\xampp\htdocs\api_shopadvisor\api_shopadvisor\storage\framework/sessions/3e8e0d764efbf4d3f3fb276a3745b2ad345d0363): failed to open stream: No such file or directory' in C:\xampp\htdocs\api_shopadvisor\api_shopadvisor\vendor\laravel\framework\src\Illuminate\Filesystem\Filesystem.php:109
Stack trace:
#0 [internal function]: Illuminate\Foundation\Bootstrap\HandleExceptions->handleError(2, 'file_put_conten...', 'C:\\xampp\\htdocs...', 109, Array)
#1 C:\xampp\htdocs\api_shopadvisor\api_shopadvisor\vendor\laravel\framework\src\Illuminate\Filesystem\Filesystem.php(109): file_put_contents('C:\\xampp\\htdocs...', 'a:3:{s:6:"_toke...', 2)
#2 C:\xampp\htdocs\api_shopadvisor\api_shopadvisor\vendor\laravel\framework\src\Illuminate\Session\FileSessionHandler.php(71): Illuminate\Filesystem\Filesystem->put('C:\\xampp\\htdocs...', 'a:3:{s:6:"_toke...', true)
#3 C:\xampp\htdocs\api_shopadvisor\api_shopadvisor\vendor\laravel\framework\src\Illuminate\Session\Store.php(262): Illuminate\Session\FileSessionHandler->write('3e8e0d764efbf4d...', 'a:3:{s:6:"_toke...')
#4 C:\xampp\htdocs\api_shopadvisor\api_shopadvisor\vendor\laravel\framework\src\Illuminate\Session\Middleware\StartSession.php(88): Illuminate\Session\Store->save()
#5 C:\xampp\htdocs\api_shopadvisor\api_shopadvisor\vendor\laravel\framework\src\Illuminate\Foundation\Http\Kernel.php(155): Illuminate\Session\Middleware\StartSession->terminate(Object(Illuminate\Http\Request), Object(Illuminate\Http\JsonResponse))
#6 C:\xampp\htdocs\api_shopadvisor\api_shopadvisor\public\index.php(58): Illuminate\Foundation\Http\Kernel->terminate(Object(Illuminate\Http\Request), Object(Illuminate\Http\JsonResponse))
#7 {main}  
[2016-05-11 21:13:41] local.ERROR: exception 'ErrorException' with message 'file_put_contents(C:\xampp\htdocs\api_shopadvisor\api_shopadvisor\storage\framework/sessions/3e8e0d764efbf4d3f3fb276a3745b2ad345d0363): failed to open stream: No such file or directory' in C:\xampp\htdocs\api_shopadvisor\api_shopadvisor\vendor\laravel\framework\src\Illuminate\Filesystem\Filesystem.php:109
Stack trace:
#0 [internal function]: Illuminate\Foundation\Bootstrap\HandleExceptions->handleError(2, 'file_put_conten...', 'C:\\xampp\\htdocs...', 109, Array)
#1 C:\xampp\htdocs\api_shopadvisor\api_shopadvisor\vendor\laravel\framework\src\Illuminate\Filesystem\Filesystem.php(109): file_put_contents('C:\\xampp\\htdocs...', 'a:3:{s:6:"_toke...', 2)
#2 C:\xampp\htdocs\api_shopadvisor\api_shopadvisor\vendor\laravel\framework\src\Illuminate\Session\FileSessionHandler.php(71): Illuminate\Filesystem\Filesystem->put('C:\\xampp\\htdocs...', 'a:3:{s:6:"_toke...', true)
#3 C:\xampp\htdocs\api_shopadvisor\api_shopadvisor\vendor\laravel\framework\src\Illuminate\Session\Store.php(262): Illuminate\Session\FileSessionHandler->write('3e8e0d764efbf4d...', 'a:3:{s:6:"_toke...')
#4 C:\xampp\htdocs\api_shopadvisor\api_shopadvisor\vendor\laravel\framework\src\Illuminate\Session\Middleware\StartSession.php(88): Illuminate\Session\Store->save()
#5 C:\xampp\htdocs\api_shopadvisor\api_shopadvisor\vendor\laravel\framework\src\Illuminate\Foundation\Http\Kernel.php(155): Illuminate\Session\Middleware\StartSession->terminate(Object(Illuminate\Http\Request), Object(Illuminate\Http\JsonResponse))
#6 C:\xampp\htdocs\api_shopadvisor\api_shopadvisor\public\index.php(58): Illuminate\Foundation\Http\Kernel->terminate(Object(Illuminate\Http\Request), Object(Illuminate\Http\JsonResponse))
#7 {main}  
[2016-05-11 21:24:24] local.ERROR: exception 'ErrorException' with message 'file_put_contents(C:\xampp\htdocs\api_shopadvisor\api_shopadvisor\storage\framework/sessions/3e8e0d764efbf4d3f3fb276a3745b2ad345d0363): failed to open stream: No such file or directory' in C:\xampp\htdocs\api_shopadvisor\api_shopadvisor\vendor\laravel\framework\src\Illuminate\Filesystem\Filesystem.php:109
Stack trace:
#0 [internal function]: Illuminate\Foundation\Bootstrap\HandleExceptions->handleError(2, 'file_put_conten...', 'C:\\xampp\\htdocs...', 109, Array)
#1 C:\xampp\htdocs\api_shopadvisor\api_shopadvisor\vendor\laravel\framework\src\Illuminate\Filesystem\Filesystem.php(109): file_put_contents('C:\\xampp\\htdocs...', 'a:3:{s:6:"_toke...', 2)
#2 C:\xampp\htdocs\api_shopadvisor\api_shopadvisor\vendor\laravel\framework\src\Illuminate\Session\FileSessionHandler.php(71): Illuminate\Filesystem\Filesystem->put('C:\\xampp\\htdocs...', 'a:3:{s:6:"_toke...', true)
#3 C:\xampp\htdocs\api_shopadvisor\api_shopadvisor\vendor\laravel\framework\src\Illuminate\Session\Store.php(262): Illuminate\Session\FileSessionHandler->write('3e8e0d764efbf4d...', 'a:3:{s:6:"_toke...')
#4 C:\xampp\htdocs\api_shopadvisor\api_shopadvisor\vendor\laravel\framework\src\Illuminate\Session\Middleware\StartSession.php(88): Illuminate\Session\Store->save()
#5 C:\xampp\htdocs\api_shopadvisor\api_shopadvisor\vendor\laravel\framework\src\Illuminate\Foundation\Http\Kernel.php(155): Illuminate\Session\Middleware\StartSession->terminate(Object(Illuminate\Http\Request), Object(Illuminate\Http\JsonResponse))
#6 C:\xampp\htdocs\api_shopadvisor\api_shopadvisor\public\index.php(58): Illuminate\Foundation\Http\Kernel->terminate(Object(Illuminate\Http\Request), Object(Illuminate\Http\JsonResponse))
#7 {main}  
[2016-05-11 21:24:59] local.ERROR: exception 'ErrorException' with message 'file_put_contents(C:\xampp\htdocs\api_shopadvisor\api_shopadvisor\storage\framework/sessions/3e8e0d764efbf4d3f3fb276a3745b2ad345d0363): failed to open stream: No such file or directory' in C:\xampp\htdocs\api_shopadvisor\api_shopadvisor\vendor\laravel\framework\src\Illuminate\Filesystem\Filesystem.php:109
Stack trace:
#0 [internal function]: Illuminate\Foundation\Bootstrap\HandleExceptions->handleError(2, 'file_put_conten...', 'C:\\xampp\\htdocs...', 109, Array)
#1 C:\xampp\htdocs\api_shopadvisor\api_shopadvisor\vendor\laravel\framework\src\Illuminate\Filesystem\Filesystem.php(109): file_put_contents('C:\\xampp\\htdocs...', 'a:3:{s:6:"_toke...', 2)
#2 C:\xampp\htdocs\api_shopadvisor\api_shopadvisor\vendor\laravel\framework\src\Illuminate\Session\FileSessionHandler.php(71): Illuminate\Filesystem\Filesystem->put('C:\\xampp\\htdocs...', 'a:3:{s:6:"_toke...', true)
#3 C:\xampp\htdocs\api_shopadvisor\api_shopadvisor\vendor\laravel\framework\src\Illuminate\Session\Store.php(262): Illuminate\Session\FileSessionHandler->write('3e8e0d764efbf4d...', 'a:3:{s:6:"_toke...')
#4 C:\xampp\htdocs\api_shopadvisor\api_shopadvisor\vendor\laravel\framework\src\Illuminate\Session\Middleware\StartSession.php(88): Illuminate\Session\Store->save()
#5 C:\xampp\htdocs\api_shopadvisor\api_shopadvisor\vendor\laravel\framework\src\Illuminate\Foundation\Http\Kernel.php(155): Illuminate\Session\Middleware\StartSession->terminate(Object(Illuminate\Http\Request), Object(Illuminate\Http\JsonResponse))
#6 C:\xampp\htdocs\api_shopadvisor\api_shopadvisor\public\index.php(58): Illuminate\Foundation\Http\Kernel->terminate(Object(Illuminate\Http\Request), Object(Illuminate\Http\JsonResponse))
#7 {main}  
[2016-05-11 21:25:23] local.ERROR: exception 'PDOException' with message 'SQLSTATE[23502]: Not null violation: 7 ERROR:  el valor null para la columna «name» viola la restricción not null
DETAIL:  La fila que falla contiene (49, null, null, null, 2016-05-11 21:25:23, 2016-05-11 21:25:23).' in C:\xampp\htdocs\api_shopadvisor\api_shopadvisor\vendor\laravel\framework\src\Illuminate\Database\Connection.php:335
Stack trace:
#0 C:\xampp\htdocs\api_shopadvisor\api_shopadvisor\vendor\laravel\framework\src\Illuminate\Database\Connection.php(335): PDOStatement->execute(Array)
#1 C:\xampp\htdocs\api_shopadvisor\api_shopadvisor\vendor\laravel\framework\src\Illuminate\Database\Connection.php(666): Illuminate\Database\Connection->Illuminate\Database\{closure}(Object(Illuminate\Database\PostgresConnection), 'insert into "pl...', Array)
#2 C:\xampp\htdocs\api_shopadvisor\api_shopadvisor\vendor\laravel\framework\src\Illuminate\Database\Connection.php(629): Illuminate\Database\Connection->runQueryCallback('insert into "pl...', Array, Object(Closure))
#3 C:\xampp\htdocs\api_shopadvisor\api_shopadvisor\vendor\laravel\framework\src\Illuminate\Database\Connection.php(342): Illuminate\Database\Connection->run('insert into "pl...', Array, Object(Closure))
#4 C:\xampp\htdocs\api_shopadvisor\api_shopadvisor\vendor\laravel\framework\src\Illuminate\Database\Connection.php(312): Illuminate\Database\Connection->select('insert into "pl...', Array, false)
#5 C:\xampp\htdocs\api_shopadvisor\api_shopadvisor\vendor\laravel\framework\src\Illuminate\Database\Query\Processors\PostgresProcessor.php(20): Illuminate\Database\Connection->selectFromWriteConnection('insert into "pl...', Array)
#6 C:\xampp\htdocs\api_shopadvisor\api_shopadvisor\vendor\laravel\framework\src\Illuminate\Database\Query\Builder.php(1970): Illuminate\Database\Query\Processors\PostgresProcessor->processInsertGetId(Object(Illuminate\Database\Query\Builder), 'insert into "pl...', Array, 'id')
#7 [internal function]: Illuminate\Database\Query\Builder->insertGetId(Array, 'id')
#8 C:\xampp\htdocs\api_shopadvisor\api_shopadvisor\vendor\laravel\framework\src\Illuminate\Database\Eloquent\Builder.php(1337): call_user_func_array(Array, Array)
#9 C:\xampp\htdocs\api_shopadvisor\api_shopadvisor\vendor\laravel\framework\src\Illuminate\Database\Eloquent\Model.php(1621): Illuminate\Database\Eloquent\Builder->__call('insertGetId', Array)
#10 C:\xampp\htdocs\api_shopadvisor\api_shopadvisor\vendor\laravel\framework\src\Illuminate\Database\Eloquent\Model.php(1621): Illuminate\Database\Eloquent\Builder->insertGetId(Array, 'id')
#11 C:\xampp\htdocs\api_shopadvisor\api_shopadvisor\vendor\laravel\framework\src\Illuminate\Database\Eloquent\Model.php(1590): Illuminate\Database\Eloquent\Model->insertAndSetId(Object(Illuminate\Database\Eloquent\Builder), Array)
#12 C:\xampp\htdocs\api_shopadvisor\api_shopadvisor\vendor\laravel\framework\src\Illuminate\Database\Eloquent\Model.php(1481): Illuminate\Database\Eloquent\Model->performInsert(Object(Illuminate\Database\Eloquent\Builder), Array)
#13 C:\xampp\htdocs\api_shopadvisor\api_shopadvisor\app\Http\Controllers\PlaceController.php(53): Illuminate\Database\Eloquent\Model->save()
#14 [internal function]: App\Http\Controllers\PlaceController->store()
#15 C:\xampp\htdocs\api_shopadvisor\api_shopadvisor\vendor\laravel\framework\src\Illuminate\Routing\Controller.php(80): call_user_func_array(Array, Array)
#16 C:\xampp\htdocs\api_shopadvisor\api_shopadvisor\vendor\laravel\framework\src\Illuminate\Routing\ControllerDispatcher.php(146): Illuminate\Routing\Controller->callAction('store', Array)
#17 C:\xampp\htdocs\api_shopadvisor\api_shopadvisor\vendor\laravel\framework\src\Illuminate\Routing\ControllerDispatcher.php(94): Illuminate\Routing\ControllerDispatcher->call(Object(App\Http\Controllers\PlaceController), Object(Illuminate\Routing\Route), 'store')
#18 [internal function]: Illuminate\Routing\ControllerDispatcher->Illuminate\Routing\{closure}(Object(Illuminate\Http\Request))
#19 C:\xampp\htdocs\api_shopadvisor\api_shopadvisor\vendor\laravel\framework\src\Illuminate\Routing\Pipeline.php(52): call_user_func(Object(Closure), Object(Illuminate\Http\Request))
#20 [internal function]: Illuminate\Routing\Pipeline->Illuminate\Routing\{closure}(Object(Illuminate\Http\Request))
#21 C:\xampp\htdocs\api_shopadvisor\api_shopadvisor\vendor\laravel\framework\src\Illuminate\Pipeline\Pipeline.php(103): call_user_func(Object(Closure), Object(Illuminate\Http\Request))
#22 C:\xampp\htdocs\api_shopadvisor\api_shopadvisor\vendor\laravel\framework\src\Illuminate\Routing\ControllerDispatcher.php(96): Illuminate\Pipeline\Pipeline->then(Object(Closure))
#23 C:\xampp\htdocs\api_shopadvisor\api_shopadvisor\vendor\laravel\framework\src\Illuminate\Routing\ControllerDispatcher.php(54): Illuminate\Routing\ControllerDispatcher->callWithinStack(Object(App\Http\Controllers\PlaceController), Object(Illuminate\Routing\Route), Object(Illuminate\Http\Request), 'store')
#24 C:\xampp\htdocs\api_shopadvisor\api_shopadvisor\vendor\laravel\framework\src\Illuminate\Routing\Route.php(174): Illuminate\Routing\ControllerDispatcher->dispatch(Object(Illuminate\Routing\Route), Object(Illuminate\Http\Request), 'App\\Http\\Contro...', 'store')
#25 C:\xampp\htdocs\api_shopadvisor\api_shopadvisor\vendor\laravel\framework\src\Illuminate\Routing\Route.php(140): Illuminate\Routing\Route->runController(Object(Illuminate\Http\Request))
#26 C:\xampp\htdocs\api_shopadvisor\api_shopadvisor\vendor\laravel\framework\src\Illuminate\Routing\Router.php(724): Illuminate\Routing\Route->run(Object(Illuminate\Http\Request))
#27 [internal function]: Illuminate\Routing\Router->Illuminate\Routing\{closure}(Object(Illuminate\Http\Request))
#28 C:\xampp\htdocs\api_shopadvisor\api_shopadvisor\vendor\laravel\framework\src\Illuminate\Routing\Pipeline.php(52): call_user_func(Object(Closure), Object(Illuminate\Http\Request))
#29 C:\xampp\htdocs\api_shopadvisor\api_shopadvisor\vendor\laravel\framework\src\Illuminate\View\Middleware\ShareErrorsFromSession.php(49): Illuminate\Routing\Pipeline->Illuminate\Routing\{closure}(Object(Illuminate\Http\Request))
#30 [internal function]: Illuminate\View\Middleware\ShareErrorsFromSession->handle(Object(Illuminate\Http\Request), Object(Closure))
#31 C:\xampp\htdocs\api_shopadvisor\api_shopadvisor\vendor\laravel\framework\src\Illuminate\Pipeline\Pipeline.php(136): call_user_func_array(Array, Array)
#32 [internal function]: Illuminate\Pipeline\Pipeline->Illuminate\Pipeline\{closure}(Object(Illuminate\Http\Request))
#33 C:\xampp\htdocs\api_shopadvisor\api_shopadvisor\vendor\laravel\framework\src\Illuminate\Routing\Pipeline.php(32): call_user_func(Object(Closure), Object(Illuminate\Http\Request))
#34 C:\xampp\htdocs\api_shopadvisor\api_shopadvisor\vendor\laravel\framework\src\Illuminate\Session\Middleware\StartSession.php(62): Illuminate\Routing\Pipeline->Illuminate\Routing\{closure}(Object(Illuminate\Http\Request))
#35 [internal function]: Illuminate\Session\Middleware\StartSession->handle(Object(Illuminate\Http\Request), Object(Closure))
#36 C:\xampp\htdocs\api_shopadvisor\api_shopadvisor\vendor\laravel\framework\src\Illuminate\Pipeline\Pipeline.php(136): call_user_func_array(Array, Array)
#37 [internal function]: Illuminate\Pipeline\Pipeline->Illuminate\Pipeline\{closure}(Object(Illuminate\Http\Request))
#38 C:\xampp\htdocs\api_shopadvisor\api_shopadvisor\vendor\laravel\framework\src\Illuminate\Routing\Pipeline.php(32): call_user_func(Object(Closure), Object(Illuminate\Http\Request))
#39 C:\xampp\htdocs\api_shopadvisor\api_shopadvisor\vendor\laravel\framework\src\Illuminate\Cookie\Middleware\AddQueuedCookiesToResponse.php(37): Illuminate\Routing\Pipeline->Illuminate\Routing\{closure}(Object(Illuminate\Http\Request))
#40 [internal function]: Illuminate\Cookie\Middleware\AddQueuedCookiesToResponse->handle(Object(Illuminate\Http\Request), Object(Closure))
#41 C:\xampp\htdocs\api_shopadvisor\api_shopadvisor\vendor\laravel\framework\src\Illuminate\Pipeline\Pipeline.php(136): call_user_func_array(Array, Array)
#42 [internal function]: Illuminate\Pipeline\Pipeline->Illuminate\Pipeline\{closure}(Object(Illuminate\Http\Request))
#43 C:\xampp\htdocs\api_shopadvisor\api_shopadvisor\vendor\laravel\framework\src\Illuminate\Routing\Pipeline.php(32): call_user_func(Object(Closure), Object(Illuminate\Http\Request))
#44 C:\xampp\htdocs\api_shopadvisor\api_shopadvisor\vendor\laravel\framework\src\Illuminate\Cookie\Middleware\EncryptCookies.php(59): Illuminate\Routing\Pipeline->Illuminate\Routing\{closure}(Object(Illuminate\Http\Request))
#45 [internal function]: Illuminate\Cookie\Middleware\EncryptCookies->handle(Object(Illuminate\Http\Request), Object(Closure))
#46 C:\xampp\htdocs\api_shopadvisor\api_shopadvisor\vendor\laravel\framework\src\Illuminate\Pipeline\Pipeline.php(136): call_user_func_array(Array, Array)
#47 [internal function]: Illuminate\Pipeline\Pipeline->Illuminate\Pipeline\{closure}(Object(Illuminate\Http\Request))
#48 C:\xampp\htdocs\api_shopadvisor\api_shopadvisor\vendor\laravel\framework\src\Illuminate\Routing\Pipeline.php(32): call_user_func(Object(Closure), Object(Illuminate\Http\Request))
#49 [internal function]: Illuminate\Routing\Pipeline->Illuminate\Routing\{closure}(Object(Illuminate\Http\Request))
#50 C:\xampp\htdocs\api_shopadvisor\api_shopadvisor\vendor\laravel\framework\src\Illuminate\Pipeline\Pipeline.php(103): call_user_func(Object(Closure), Object(Illuminate\Http\Request))
#51 C:\xampp\htdocs\api_shopadvisor\api_shopadvisor\vendor\laravel\framework\src\Illuminate\Routing\Router.php(726): Illuminate\Pipeline\Pipeline->then(Object(Closure))
#52 C:\xampp\htdocs\api_shopadvisor\api_shopadvisor\vendor\laravel\framework\src\Illuminate\Routing\Router.php(699): Illuminate\Routing\Router->runRouteWithinStack(Object(Illuminate\Routing\Route), Object(Illuminate\Http\Request))
#53 C:\xampp\htdocs\api_shopadvisor\api_shopadvisor\vendor\laravel\framework\src\Illuminate\Routing\Router.php(675): Illuminate\Routing\Router->dispatchToRoute(Object(Illuminate\Http\Request))
#54 C:\xampp\htdocs\api_shopadvisor\api_shopadvisor\vendor\laravel\framework\src\Illuminate\Foundation\Http\Kernel.php(246): Illuminate\Routing\Router->dispatch(Object(Illuminate\Http\Request))
#55 [internal function]: Illuminate\Foundation\Http\Kernel->Illuminate\Foundation\Http\{closure}(Object(Illuminate\Http\Request))
#56 C:\xampp\htdocs\api_shopadvisor\api_shopadvisor\vendor\laravel\framework\src\Illuminate\Routing\Pipeline.php(52): call_user_func(Object(Closure), Object(Illuminate\Http\Request))
#57 C:\xampp\htdocs\api_shopadvisor\api_shopadvisor\vendor\laravel\framework\src\Illuminate\Foundation\Http\Middleware\CheckForMaintenanceMode.php(44): Illuminate\Routing\Pipeline->Illuminate\Routing\{closure}(Object(Illuminate\Http\Request))
#58 [internal function]: Illuminate\Foundation\Http\Middleware\CheckForMaintenanceMode->handle(Object(Illuminate\Http\Request), Object(Closure))
#59 C:\xampp\htdocs\api_shopadvisor\api_shopadvisor\vendor\laravel\framework\src\Illuminate\Pipeline\Pipeline.php(136): call_user_func_array(Array, Array)
#60 [internal function]: Illuminate\Pipeline\Pipeline->Illuminate\Pipeline\{closure}(Object(Illuminate\Http\Request))
#61 C:\xampp\htdocs\api_shopadvisor\api_shopadvisor\vendor\laravel\framework\src\Illuminate\Routing\Pipeline.php(32): call_user_func(Object(Closure), Object(Illuminate\Http\Request))
#62 [internal function]: Illuminate\Routing\Pipeline->Illuminate\Routing\{closure}(Object(Illuminate\Http\Request))
#63 C:\xampp\htdocs\api_shopadvisor\api_shopadvisor\vendor\laravel\framework\src\Illuminate\Pipeline\Pipeline.php(103): call_user_func(Object(Closure), Object(Illuminate\Http\Request))
#64 C:\xampp\htdocs\api_shopadvisor\api_shopadvisor\vendor\laravel\framework\src\Illuminate\Foundation\Http\Kernel.php(132): Illuminate\Pipeline\Pipeline->then(Object(Closure))
#65 C:\xampp\htdocs\api_shopadvisor\api_shopadvisor\vendor\laravel\framework\src\Illuminate\Foundation\Http\Kernel.php(99): Illuminate\Foundation\Http\Kernel->sendRequestThroughRouter(Object(Illuminate\Http\Request))
#66 C:\xampp\htdocs\api_shopadvisor\api_shopadvisor\public\index.php(54): Illuminate\Foundation\Http\Kernel->handle(Object(Illuminate\Http\Request))
#67 {main}

Next exception 'Illuminate\Database\QueryException' with message 'SQLSTATE[23502]: Not null violation: 7 ERROR:  el valor null para la columna «name» viola la restricción not null
DETAIL:  La fila que falla contiene (49, null, null, null, 2016-05-11 21:25:23, 2016-05-11 21:25:23). (SQL: insert into "place" ("name", "latitude", "longitude", "updated_at", "created_at") values (, , , 2016-05-11 21:25:23, 2016-05-11 21:25:23) returning "id")' in C:\xampp\htdocs\api_shopadvisor\api_shopadvisor\vendor\laravel\framework\src\Illuminate\Database\Connection.php:673
Stack trace:
#0 C:\xampp\htdocs\api_shopadvisor\api_shopadvisor\vendor\laravel\framework\src\Illuminate\Database\Connection.php(629): Illuminate\Database\Connection->runQueryCallback('insert into "pl...', Array, Object(Closure))
#1 C:\xampp\htdocs\api_shopadvisor\api_shopadvisor\vendor\laravel\framework\src\Illuminate\Database\Connection.php(342): Illuminate\Database\Connection->run('insert into "pl...', Array, Object(Closure))
#2 C:\xampp\htdocs\api_shopadvisor\api_shopadvisor\vendor\laravel\framework\src\Illuminate\Database\Connection.php(312): Illuminate\Database\Connection->select('insert into "pl...', Array, false)
#3 C:\xampp\htdocs\api_shopadvisor\api_shopadvisor\vendor\laravel\framework\src\Illuminate\Database\Query\Processors\PostgresProcessor.php(20): Illuminate\Database\Connection->selectFromWriteConnection('insert into "pl...', Array)
#4 C:\xampp\htdocs\api_shopadvisor\api_shopadvisor\vendor\laravel\framework\src\Illuminate\Database\Query\Builder.php(1970): Illuminate\Database\Query\Processors\PostgresProcessor->processInsertGetId(Object(Illuminate\Database\Query\Builder), 'insert into "pl...', Array, 'id')
#5 [internal function]: Illuminate\Database\Query\Builder->insertGetId(Array, 'id')
#6 C:\xampp\htdocs\api_shopadvisor\api_shopadvisor\vendor\laravel\framework\src\Illuminate\Database\Eloquent\Builder.php(1337): call_user_func_array(Array, Array)
#7 C:\xampp\htdocs\api_shopadvisor\api_shopadvisor\vendor\laravel\framework\src\Illuminate\Database\Eloquent\Model.php(1621): Illuminate\Database\Eloquent\Builder->__call('insertGetId', Array)
#8 C:\xampp\htdocs\api_shopadvisor\api_shopadvisor\vendor\laravel\framework\src\Illuminate\Database\Eloquent\Model.php(1621): Illuminate\Database\Eloquent\Builder->insertGetId(Array, 'id')
#9 C:\xampp\htdocs\api_shopadvisor\api_shopadvisor\vendor\laravel\framework\src\Illuminate\Database\Eloquent\Model.php(1590): Illuminate\Database\Eloquent\Model->insertAndSetId(Object(Illuminate\Database\Eloquent\Builder), Array)
#10 C:\xampp\htdocs\api_shopadvisor\api_shopadvisor\vendor\laravel\framework\src\Illuminate\Database\Eloquent\Model.php(1481): Illuminate\Database\Eloquent\Model->performInsert(Object(Illuminate\Database\Eloquent\Builder), Array)
#11 C:\xampp\htdocs\api_shopadvisor\api_shopadvisor\app\Http\Controllers\PlaceController.php(53): Illuminate\Database\Eloquent\Model->save()
#12 [internal function]: App\Http\Controllers\PlaceController->store()
#13 C:\xampp\htdocs\api_shopadvisor\api_shopadvisor\vendor\laravel\framework\src\Illuminate\Routing\Controller.php(80): call_user_func_array(Array, Array)
#14 C:\xampp\htdocs\api_shopadvisor\api_shopadvisor\vendor\laravel\framework\src\Illuminate\Routing\ControllerDispatcher.php(146): Illuminate\Routing\Controller->callAction('store', Array)
#15 C:\xampp\htdocs\api_shopadvisor\api_shopadvisor\vendor\laravel\framework\src\Illuminate\Routing\ControllerDispatcher.php(94): Illuminate\Routing\ControllerDispatcher->call(Object(App\Http\Controllers\PlaceController), Object(Illuminate\Routing\Route), 'store')
#16 [internal function]: Illuminate\Routing\ControllerDispatcher->Illuminate\Routing\{closure}(Object(Illuminate\Http\Request))
#17 C:\xampp\htdocs\api_shopadvisor\api_shopadvisor\vendor\laravel\framework\src\Illuminate\Routing\Pipeline.php(52): call_user_func(Object(Closure), Object(Illuminate\Http\Request))
#18 [internal function]: Illuminate\Routing\Pipeline->Illuminate\Routing\{closure}(Object(Illuminate\Http\Request))
#19 C:\xampp\htdocs\api_shopadvisor\api_shopadvisor\vendor\laravel\framework\src\Illuminate\Pipeline\Pipeline.php(103): call_user_func(Object(Closure), Object(Illuminate\Http\Request))
#20 C:\xampp\htdocs\api_shopadvisor\api_shopadvisor\vendor\laravel\framework\src\Illuminate\Routing\ControllerDispatcher.php(96): Illuminate\Pipeline\Pipeline->then(Object(Closure))
#21 C:\xampp\htdocs\api_shopadvisor\api_shopadvisor\vendor\laravel\framework\src\Illuminate\Routing\ControllerDispatcher.php(54): Illuminate\Routing\ControllerDispatcher->callWithinStack(Object(App\Http\Controllers\PlaceController), Object(Illuminate\Routing\Route), Object(Illuminate\Http\Request), 'store')
#22 C:\xampp\htdocs\api_shopadvisor\api_shopadvisor\vendor\laravel\framework\src\Illuminate\Routing\Route.php(174): Illuminate\Routing\ControllerDispatcher->dispatch(Object(Illuminate\Routing\Route), Object(Illuminate\Http\Request), 'App\\Http\\Contro...', 'store')
#23 C:\xampp\htdocs\api_shopadvisor\api_shopadvisor\vendor\laravel\framework\src\Illuminate\Routing\Route.php(140): Illuminate\Routing\Route->runController(Object(Illuminate\Http\Request))
#24 C:\xampp\htdocs\api_shopadvisor\api_shopadvisor\vendor\laravel\framework\src\Illuminate\Routing\Router.php(724): Illuminate\Routing\Route->run(Object(Illuminate\Http\Request))
#25 [internal function]: Illuminate\Routing\Router->Illuminate\Routing\{closure}(Object(Illuminate\Http\Request))
#26 C:\xampp\htdocs\api_shopadvisor\api_shopadvisor\vendor\laravel\framework\src\Illuminate\Routing\Pipeline.php(52): call_user_func(Object(Closure), Object(Illuminate\Http\Request))
#27 C:\xampp\htdocs\api_shopadvisor\api_shopadvisor\vendor\laravel\framework\src\Illuminate\View\Middleware\ShareErrorsFromSession.php(49): Illuminate\Routing\Pipeline->Illuminate\Routing\{closure}(Object(Illuminate\Http\Request))
#28 [internal function]: Illuminate\View\Middleware\ShareErrorsFromSession->handle(Object(Illuminate\Http\Request), Object(Closure))
#29 C:\xampp\htdocs\api_shopadvisor\api_shopadvisor\vendor\laravel\framework\src\Illuminate\Pipeline\Pipeline.php(136): call_user_func_array(Array, Array)
#30 [internal function]: Illuminate\Pipeline\Pipeline->Illuminate\Pipeline\{closure}(Object(Illuminate\Http\Request))
#31 C:\xampp\htdocs\api_shopadvisor\api_shopadvisor\vendor\laravel\framework\src\Illuminate\Routing\Pipeline.php(32): call_user_func(Object(Closure), Object(Illuminate\Http\Request))
#32 C:\xampp\htdocs\api_shopadvisor\api_shopadvisor\vendor\laravel\framework\src\Illuminate\Session\Middleware\StartSession.php(62): Illuminate\Routing\Pipeline->Illuminate\Routing\{closure}(Object(Illuminate\Http\Request))
#33 [internal function]: Illuminate\Session\Middleware\StartSession->handle(Object(Illuminate\Http\Request), Object(Closure))
#34 C:\xampp\htdocs\api_shopadvisor\api_shopadvisor\vendor\laravel\framework\src\Illuminate\Pipeline\Pipeline.php(136): call_user_func_array(Array, Array)
#35 [internal function]: Illuminate\Pipeline\Pipeline->Illuminate\Pipeline\{closure}(Object(Illuminate\Http\Request))
#36 C:\xampp\htdocs\api_shopadvisor\api_shopadvisor\vendor\laravel\framework\src\Illuminate\Routing\Pipeline.php(32): call_user_func(Object(Closure), Object(Illuminate\Http\Request))
#37 C:\xampp\htdocs\api_shopadvisor\api_shopadvisor\vendor\laravel\framework\src\Illuminate\Cookie\Middleware\AddQueuedCookiesToResponse.php(37): Illuminate\Routing\Pipeline->Illuminate\Routing\{closure}(Object(Illuminate\Http\Request))
#38 [internal function]: Illuminate\Cookie\Middleware\AddQueuedCookiesToResponse->handle(Object(Illuminate\Http\Request), Object(Closure))
#39 C:\xampp\htdocs\api_shopadvisor\api_shopadvisor\vendor\laravel\framework\src\Illuminate\Pipeline\Pipeline.php(136): call_user_func_array(Array, Array)
#40 [internal function]: Illuminate\Pipeline\Pipeline->Illuminate\Pipeline\{closure}(Object(Illuminate\Http\Request))
#41 C:\xampp\htdocs\api_shopadvisor\api_shopadvisor\vendor\laravel\framework\src\Illuminate\Routing\Pipeline.php(32): call_user_func(Object(Closure), Object(Illuminate\Http\Request))
#42 C:\xampp\htdocs\api_shopadvisor\api_shopadvisor\vendor\laravel\framework\src\Illuminate\Cookie\Middleware\EncryptCookies.php(59): Illuminate\Routing\Pipeline->Illuminate\Routing\{closure}(Object(Illuminate\Http\Request))
#43 [internal function]: Illuminate\Cookie\Middleware\EncryptCookies->handle(Object(Illuminate\Http\Request), Object(Closure))
#44 C:\xampp\htdocs\api_shopadvisor\api_shopadvisor\vendor\laravel\framework\src\Illuminate\Pipeline\Pipeline.php(136): call_user_func_array(Array, Array)
#45 [internal function]: Illuminate\Pipeline\Pipeline->Illuminate\Pipeline\{closure}(Object(Illuminate\Http\Request))
#46 C:\xampp\htdocs\api_shopadvisor\api_shopadvisor\vendor\laravel\framework\src\Illuminate\Routing\Pipeline.php(32): call_user_func(Object(Closure), Object(Illuminate\Http\Request))
#47 [internal function]: Illuminate\Routing\Pipeline->Illuminate\Routing\{closure}(Object(Illuminate\Http\Request))
#48 C:\xampp\htdocs\api_shopadvisor\api_shopadvisor\vendor\laravel\framework\src\Illuminate\Pipeline\Pipeline.php(103): call_user_func(Object(Closure), Object(Illuminate\Http\Request))
#49 C:\xampp\htdocs\api_shopadvisor\api_shopadvisor\vendor\laravel\framework\src\Illuminate\Routing\Router.php(726): Illuminate\Pipeline\Pipeline->then(Object(Closure))
#50 C:\xampp\htdocs\api_shopadvisor\api_shopadvisor\vendor\laravel\framework\src\Illuminate\Routing\Router.php(699): Illuminate\Routing\Router->runRouteWithinStack(Object(Illuminate\Routing\Route), Object(Illuminate\Http\Request))
#51 C:\xampp\htdocs\api_shopadvisor\api_shopadvisor\vendor\laravel\framework\src\Illuminate\Routing\Router.php(675): Illuminate\Routing\Router->dispatchToRoute(Object(Illuminate\Http\Request))
#52 C:\xampp\htdocs\api_shopadvisor\api_shopadvisor\vendor\laravel\framework\src\Illuminate\Foundation\Http\Kernel.php(246): Illuminate\Routing\Router->dispatch(Object(Illuminate\Http\Request))
#53 [internal function]: Illuminate\Foundation\Http\Kernel->Illuminate\Foundation\Http\{closure}(Object(Illuminate\Http\Request))
#54 C:\xampp\htdocs\api_shopadvisor\api_shopadvisor\vendor\laravel\framework\src\Illuminate\Routing\Pipeline.php(52): call_user_func(Object(Closure), Object(Illuminate\Http\Request))
#55 C:\xampp\htdocs\api_shopadvisor\api_shopadvisor\vendor\laravel\framework\src\Illuminate\Foundation\Http\Middleware\CheckForMaintenanceMode.php(44): Illuminate\Routing\Pipeline->Illuminate\Routing\{closure}(Object(Illuminate\Http\Request))
#56 [internal function]: Illuminate\Foundation\Http\Middleware\CheckForMaintenanceMode->handle(Object(Illuminate\Http\Request), Object(Closure))
#57 C:\xampp\htdocs\api_shopadvisor\api_shopadvisor\vendor\laravel\framework\src\Illuminate\Pipeline\Pipeline.php(136): call_user_func_array(Array, Array)
#58 [internal function]: Illuminate\Pipeline\Pipeline->Illuminate\Pipeline\{closure}(Object(Illuminate\Http\Request))
#59 C:\xampp\htdocs\api_shopadvisor\api_shopadvisor\vendor\laravel\framework\src\Illuminate\Routing\Pipeline.php(32): call_user_func(Object(Closure), Object(Illuminate\Http\Request))
#60 [internal function]: Illuminate\Routing\Pipeline->Illuminate\Routing\{closure}(Object(Illuminate\Http\Request))
#61 C:\xampp\htdocs\api_shopadvisor\api_shopadvisor\vendor\laravel\framework\src\Illuminate\Pipeline\Pipeline.php(103): call_user_func(Object(Closure), Object(Illuminate\Http\Request))
#62 C:\xampp\htdocs\api_shopadvisor\api_shopadvisor\vendor\laravel\framework\src\Illuminate\Foundation\Http\Kernel.php(132): Illuminate\Pipeline\Pipeline->then(Object(Closure))
#63 C:\xampp\htdocs\api_shopadvisor\api_shopadvisor\vendor\laravel\framework\src\Illuminate\Foundation\Http\Kernel.php(99): Illuminate\Foundation\Http\Kernel->sendRequestThroughRouter(Object(Illuminate\Http\Request))
#64 C:\xampp\htdocs\api_shopadvisor\api_shopadvisor\public\index.php(54): Illuminate\Foundation\Http\Kernel->handle(Object(Illuminate\Http\Request))
#65 {main}  
[2016-05-11 21:25:23] local.ERROR: exception 'ErrorException' with message 'file_put_contents(C:\xampp\htdocs\api_shopadvisor\api_shopadvisor\storage\framework/sessions/3e8e0d764efbf4d3f3fb276a3745b2ad345d0363): failed to open stream: No such file or directory' in C:\xampp\htdocs\api_shopadvisor\api_shopadvisor\vendor\laravel\framework\src\Illuminate\Filesystem\Filesystem.php:109
Stack trace:
#0 [internal function]: Illuminate\Foundation\Bootstrap\HandleExceptions->handleError(2, 'file_put_conten...', 'C:\\xampp\\htdocs...', 109, Array)
#1 C:\xampp\htdocs\api_shopadvisor\api_shopadvisor\vendor\laravel\framework\src\Illuminate\Filesystem\Filesystem.php(109): file_put_contents('C:\\xampp\\htdocs...', 'a:3:{s:6:"_toke...', 2)
#2 C:\xampp\htdocs\api_shopadvisor\api_shopadvisor\vendor\laravel\framework\src\Illuminate\Session\FileSessionHandler.php(71): Illuminate\Filesystem\Filesystem->put('C:\\xampp\\htdocs...', 'a:3:{s:6:"_toke...', true)
#3 C:\xampp\htdocs\api_shopadvisor\api_shopadvisor\vendor\laravel\framework\src\Illuminate\Session\Store.php(262): Illuminate\Session\FileSessionHandler->write('3e8e0d764efbf4d...', 'a:3:{s:6:"_toke...')
#4 C:\xampp\htdocs\api_shopadvisor\api_shopadvisor\vendor\laravel\framework\src\Illuminate\Session\Middleware\StartSession.php(88): Illuminate\Session\Store->save()
#5 C:\xampp\htdocs\api_shopadvisor\api_shopadvisor\vendor\laravel\framework\src\Illuminate\Foundation\Http\Kernel.php(155): Illuminate\Session\Middleware\StartSession->terminate(Object(Illuminate\Http\Request), Object(Illuminate\Http\Response))
#6 C:\xampp\htdocs\api_shopadvisor\api_shopadvisor\public\index.php(58): Illuminate\Foundation\Http\Kernel->terminate(Object(Illuminate\Http\Request), Object(Illuminate\Http\Response))
#7 {main}  
[2016-05-11 21:25:34] local.ERROR: exception 'ErrorException' with message 'file_put_contents(C:\xampp\htdocs\api_shopadvisor\api_shopadvisor\storage\framework/sessions/3e8e0d764efbf4d3f3fb276a3745b2ad345d0363): failed to open stream: No such file or directory' in C:\xampp\htdocs\api_shopadvisor\api_shopadvisor\vendor\laravel\framework\src\Illuminate\Filesystem\Filesystem.php:109
Stack trace:
#0 [internal function]: Illuminate\Foundation\Bootstrap\HandleExceptions->handleError(2, 'file_put_conten...', 'C:\\xampp\\htdocs...', 109, Array)
#1 C:\xampp\htdocs\api_shopadvisor\api_shopadvisor\vendor\laravel\framework\src\Illuminate\Filesystem\Filesystem.php(109): file_put_contents('C:\\xampp\\htdocs...', 'a:3:{s:6:"_toke...', 2)
#2 C:\xampp\htdocs\api_shopadvisor\api_shopadvisor\vendor\laravel\framework\src\Illuminate\Session\FileSessionHandler.php(71): Illuminate\Filesystem\Filesystem->put('C:\\xampp\\htdocs...', 'a:3:{s:6:"_toke...', true)
#3 C:\xampp\htdocs\api_shopadvisor\api_shopadvisor\vendor\laravel\framework\src\Illuminate\Session\Store.php(262): Illuminate\Session\FileSessionHandler->write('3e8e0d764efbf4d...', 'a:3:{s:6:"_toke...')
#4 C:\xampp\htdocs\api_shopadvisor\api_shopadvisor\vendor\laravel\framework\src\Illuminate\Session\Middleware\StartSession.php(88): Illuminate\Session\Store->save()
#5 C:\xampp\htdocs\api_shopadvisor\api_shopadvisor\vendor\laravel\framework\src\Illuminate\Foundation\Http\Kernel.php(155): Illuminate\Session\Middleware\StartSession->terminate(Object(Illuminate\Http\Request), Object(Illuminate\Http\JsonResponse))
#6 C:\xampp\htdocs\api_shopadvisor\api_shopadvisor\public\index.php(58): Illuminate\Foundation\Http\Kernel->terminate(Object(Illuminate\Http\Request), Object(Illuminate\Http\JsonResponse))
#7 {main}  
[2016-05-11 21:28:16] local.ERROR: exception 'ErrorException' with message 'file_put_contents(C:\xampp\htdocs\api_shopadvisor\api_shopadvisor\storage\framework/sessions/3e8e0d764efbf4d3f3fb276a3745b2ad345d0363): failed to open stream: No such file or directory' in C:\xampp\htdocs\api_shopadvisor\api_shopadvisor\vendor\laravel\framework\src\Illuminate\Filesystem\Filesystem.php:109
Stack trace:
#0 [internal function]: Illuminate\Foundation\Bootstrap\HandleExceptions->handleError(2, 'file_put_conten...', 'C:\\xampp\\htdocs...', 109, Array)
#1 C:\xampp\htdocs\api_shopadvisor\api_shopadvisor\vendor\laravel\framework\src\Illuminate\Filesystem\Filesystem.php(109): file_put_contents('C:\\xampp\\htdocs...', 'a:3:{s:6:"_toke...', 2)
#2 C:\xampp\htdocs\api_shopadvisor\api_shopadvisor\vendor\laravel\framework\src\Illuminate\Session\FileSessionHandler.php(71): Illuminate\Filesystem\Filesystem->put('C:\\xampp\\htdocs...', 'a:3:{s:6:"_toke...', true)
#3 C:\xampp\htdocs\api_shopadvisor\api_shopadvisor\vendor\laravel\framework\src\Illuminate\Session\Store.php(262): Illuminate\Session\FileSessionHandler->write('3e8e0d764efbf4d...', 'a:3:{s:6:"_toke...')
#4 C:\xampp\htdocs\api_shopadvisor\api_shopadvisor\vendor\laravel\framework\src\Illuminate\Session\Middleware\StartSession.php(88): Illuminate\Session\Store->save()
#5 C:\xampp\htdocs\api_shopadvisor\api_shopadvisor\vendor\laravel\framework\src\Illuminate\Foundation\Http\Kernel.php(155): Illuminate\Session\Middleware\StartSession->terminate(Object(Illuminate\Http\Request), Object(Illuminate\Http\JsonResponse))
#6 C:\xampp\htdocs\api_shopadvisor\api_shopadvisor\public\index.php(58): Illuminate\Foundation\Http\Kernel->terminate(Object(Illuminate\Http\Request), Object(Illuminate\Http\JsonResponse))
#7 {main}  
[2016-05-11 21:29:52] local.ERROR: exception 'ErrorException' with message 'file_put_contents(C:\xampp\htdocs\api_shopadvisor\api_shopadvisor\storage\framework/sessions/3e8e0d764efbf4d3f3fb276a3745b2ad345d0363): failed to open stream: No such file or directory' in C:\xampp\htdocs\api_shopadvisor\api_shopadvisor\vendor\laravel\framework\src\Illuminate\Filesystem\Filesystem.php:109
Stack trace:
#0 [internal function]: Illuminate\Foundation\Bootstrap\HandleExceptions->handleError(2, 'file_put_conten...', 'C:\\xampp\\htdocs...', 109, Array)
#1 C:\xampp\htdocs\api_shopadvisor\api_shopadvisor\vendor\laravel\framework\src\Illuminate\Filesystem\Filesystem.php(109): file_put_contents('C:\\xampp\\htdocs...', 'a:3:{s:6:"_toke...', 2)
#2 C:\xampp\htdocs\api_shopadvisor\api_shopadvisor\vendor\laravel\framework\src\Illuminate\Session\FileSessionHandler.php(71): Illuminate\Filesystem\Filesystem->put('C:\\xampp\\htdocs...', 'a:3:{s:6:"_toke...', true)
#3 C:\xampp\htdocs\api_shopadvisor\api_shopadvisor\vendor\laravel\framework\src\Illuminate\Session\Store.php(262): Illuminate\Session\FileSessionHandler->write('3e8e0d764efbf4d...', 'a:3:{s:6:"_toke...')
#4 C:\xampp\htdocs\api_shopadvisor\api_shopadvisor\vendor\laravel\framework\src\Illuminate\Session\Middleware\StartSession.php(88): Illuminate\Session\Store->save()
#5 C:\xampp\htdocs\api_shopadvisor\api_shopadvisor\vendor\laravel\framework\src\Illuminate\Foundation\Http\Kernel.php(155): Illuminate\Session\Middleware\StartSession->terminate(Object(Illuminate\Http\Request), Object(Illuminate\Http\JsonResponse))
#6 C:\xampp\htdocs\api_shopadvisor\api_shopadvisor\public\index.php(58): Illuminate\Foundation\Http\Kernel->terminate(Object(Illuminate\Http\Request), Object(Illuminate\Http\JsonResponse))
#7 {main}  
[2016-05-11 21:30:13] local.ERROR: exception 'ErrorException' with message 'file_put_contents(C:\xampp\htdocs\api_shopadvisor\api_shopadvisor\storage\framework/sessions/3e8e0d764efbf4d3f3fb276a3745b2ad345d0363): failed to open stream: No such file or directory' in C:\xampp\htdocs\api_shopadvisor\api_shopadvisor\vendor\laravel\framework\src\Illuminate\Filesystem\Filesystem.php:109
Stack trace:
#0 [internal function]: Illuminate\Foundation\Bootstrap\HandleExceptions->handleError(2, 'file_put_conten...', 'C:\\xampp\\htdocs...', 109, Array)
#1 C:\xampp\htdocs\api_shopadvisor\api_shopadvisor\vendor\laravel\framework\src\Illuminate\Filesystem\Filesystem.php(109): file_put_contents('C:\\xampp\\htdocs...', 'a:3:{s:6:"_toke...', 2)
#2 C:\xampp\htdocs\api_shopadvisor\api_shopadvisor\vendor\laravel\framework\src\Illuminate\Session\FileSessionHandler.php(71): Illuminate\Filesystem\Filesystem->put('C:\\xampp\\htdocs...', 'a:3:{s:6:"_toke...', true)
#3 C:\xampp\htdocs\api_shopadvisor\api_shopadvisor\vendor\laravel\framework\src\Illuminate\Session\Store.php(262): Illuminate\Session\FileSessionHandler->write('3e8e0d764efbf4d...', 'a:3:{s:6:"_toke...')
#4 C:\xampp\htdocs\api_shopadvisor\api_shopadvisor\vendor\laravel\framework\src\Illuminate\Session\Middleware\StartSession.php(88): Illuminate\Session\Store->save()
#5 C:\xampp\htdocs\api_shopadvisor\api_shopadvisor\vendor\laravel\framework\src\Illuminate\Foundation\Http\Kernel.php(155): Illuminate\Session\Middleware\StartSession->terminate(Object(Illuminate\Http\Request), Object(Illuminate\Http\JsonResponse))
#6 C:\xampp\htdocs\api_shopadvisor\api_shopadvisor\public\index.php(58): Illuminate\Foundation\Http\Kernel->terminate(Object(Illuminate\Http\Request), Object(Illuminate\Http\JsonResponse))
#7 {main}  
[2016-05-11 21:30:27] local.ERROR: exception 'ErrorException' with message 'file_put_contents(C:\xampp\htdocs\api_shopadvisor\api_shopadvisor\storage\framework/sessions/106b9b5b957a01c1e6488b03ae2d1631e9eb76eb): failed to open stream: No such file or directory' in C:\xampp\htdocs\api_shopadvisor\api_shopadvisor\vendor\laravel\framework\src\Illuminate\Filesystem\Filesystem.php:109
Stack trace:
#0 [internal function]: Illuminate\Foundation\Bootstrap\HandleExceptions->handleError(2, 'file_put_conten...', 'C:\\xampp\\htdocs...', 109, Array)
#1 C:\xampp\htdocs\api_shopadvisor\api_shopadvisor\vendor\laravel\framework\src\Illuminate\Filesystem\Filesystem.php(109): file_put_contents('C:\\xampp\\htdocs...', 'a:4:{s:6:"_toke...', 2)
#2 C:\xampp\htdocs\api_shopadvisor\api_shopadvisor\vendor\laravel\framework\src\Illuminate\Session\FileSessionHandler.php(71): Illuminate\Filesystem\Filesystem->put('C:\\xampp\\htdocs...', 'a:4:{s:6:"_toke...', true)
#3 C:\xampp\htdocs\api_shopadvisor\api_shopadvisor\vendor\laravel\framework\src\Illuminate\Session\Store.php(262): Illuminate\Session\FileSessionHandler->write('106b9b5b957a01c...', 'a:4:{s:6:"_toke...')
#4 C:\xampp\htdocs\api_shopadvisor\api_shopadvisor\vendor\laravel\framework\src\Illuminate\Session\Middleware\StartSession.php(88): Illuminate\Session\Store->save()
#5 C:\xampp\htdocs\api_shopadvisor\api_shopadvisor\vendor\laravel\framework\src\Illuminate\Foundation\Http\Kernel.php(155): Illuminate\Session\Middleware\StartSession->terminate(Object(Illuminate\Http\Request), Object(Illuminate\Http\JsonResponse))
#6 C:\xampp\htdocs\api_shopadvisor\api_shopadvisor\public\index.php(58): Illuminate\Foundation\Http\Kernel->terminate(Object(Illuminate\Http\Request), Object(Illuminate\Http\JsonResponse))
#7 {main}  
[2016-05-11 21:37:41] local.ERROR: exception 'PDOException' with message 'SQLSTATE[23502]: Not null violation: 7 ERROR:  el valor null para la columna «latitude» viola la restricción not null
DETAIL:  La fila que falla contiene (56, Prueba andriod, null, null, 2016-05-11 21:37:40, 2016-05-11 21:37:40).' in C:\xampp\htdocs\api_shopadvisor\api_shopadvisor\vendor\laravel\framework\src\Illuminate\Database\Connection.php:335
Stack trace:
#0 C:\xampp\htdocs\api_shopadvisor\api_shopadvisor\vendor\laravel\framework\src\Illuminate\Database\Connection.php(335): PDOStatement->execute(Array)
#1 C:\xampp\htdocs\api_shopadvisor\api_shopadvisor\vendor\laravel\framework\src\Illuminate\Database\Connection.php(666): Illuminate\Database\Connection->Illuminate\Database\{closure}(Object(Illuminate\Database\PostgresConnection), 'insert into "pl...', Array)
#2 C:\xampp\htdocs\api_shopadvisor\api_shopadvisor\vendor\laravel\framework\src\Illuminate\Database\Connection.php(629): Illuminate\Database\Connection->runQueryCallback('insert into "pl...', Array, Object(Closure))
#3 C:\xampp\htdocs\api_shopadvisor\api_shopadvisor\vendor\laravel\framework\src\Illuminate\Database\Connection.php(342): Illuminate\Database\Connection->run('insert into "pl...', Array, Object(Closure))
#4 C:\xampp\htdocs\api_shopadvisor\api_shopadvisor\vendor\laravel\framework\src\Illuminate\Database\Connection.php(312): Illuminate\Database\Connection->select('insert into "pl...', Array, false)
#5 C:\xampp\htdocs\api_shopadvisor\api_shopadvisor\vendor\laravel\framework\src\Illuminate\Database\Query\Processors\PostgresProcessor.php(20): Illuminate\Database\Connection->selectFromWriteConnection('insert into "pl...', Array)
#6 C:\xampp\htdocs\api_shopadvisor\api_shopadvisor\vendor\laravel\framework\src\Illuminate\Database\Query\Builder.php(1970): Illuminate\Database\Query\Processors\PostgresProcessor->processInsertGetId(Object(Illuminate\Database\Query\Builder), 'insert into "pl...', Array, 'id')
#7 [internal function]: Illuminate\Database\Query\Builder->insertGetId(Array, 'id')
#8 C:\xampp\htdocs\api_shopadvisor\api_shopadvisor\vendor\laravel\framework\src\Illuminate\Database\Eloquent\Builder.php(1337): call_user_func_array(Array, Array)
#9 C:\xampp\htdocs\api_shopadvisor\api_shopadvisor\vendor\laravel\framework\src\Illuminate\Database\Eloquent\Model.php(1621): Illuminate\Database\Eloquent\Builder->__call('insertGetId', Array)
#10 C:\xampp\htdocs\api_shopadvisor\api_shopadvisor\vendor\laravel\framework\src\Illuminate\Database\Eloquent\Model.php(1621): Illuminate\Database\Eloquent\Builder->insertGetId(Array, 'id')
#11 C:\xampp\htdocs\api_shopadvisor\api_shopadvisor\vendor\laravel\framework\src\Illuminate\Database\Eloquent\Model.php(1590): Illuminate\Database\Eloquent\Model->insertAndSetId(Object(Illuminate\Database\Eloquent\Builder), Array)
#12 C:\xampp\htdocs\api_shopadvisor\api_shopadvisor\vendor\laravel\framework\src\Illuminate\Database\Eloquent\Model.php(1481): Illuminate\Database\Eloquent\Model->performInsert(Object(Illuminate\Database\Eloquent\Builder), Array)
#13 C:\xampp\htdocs\api_shopadvisor\api_shopadvisor\app\Http\Controllers\PlaceController.php(53): Illuminate\Database\Eloquent\Model->save()
#14 [internal function]: App\Http\Controllers\PlaceController->store()
#15 C:\xampp\htdocs\api_shopadvisor\api_shopadvisor\vendor\laravel\framework\src\Illuminate\Routing\Controller.php(80): call_user_func_array(Array, Array)
#16 C:\xampp\htdocs\api_shopadvisor\api_shopadvisor\vendor\laravel\framework\src\Illuminate\Routing\ControllerDispatcher.php(146): Illuminate\Routing\Controller->callAction('store', Array)
#17 C:\xampp\htdocs\api_shopadvisor\api_shopadvisor\vendor\laravel\framework\src\Illuminate\Routing\ControllerDispatcher.php(94): Illuminate\Routing\ControllerDispatcher->call(Object(App\Http\Controllers\PlaceController), Object(Illuminate\Routing\Route), 'store')
#18 [internal function]: Illuminate\Routing\ControllerDispatcher->Illuminate\Routing\{closure}(Object(Illuminate\Http\Request))
#19 C:\xampp\htdocs\api_shopadvisor\api_shopadvisor\vendor\laravel\framework\src\Illuminate\Routing\Pipeline.php(52): call_user_func(Object(Closure), Object(Illuminate\Http\Request))
#20 [internal function]: Illuminate\Routing\Pipeline->Illuminate\Routing\{closure}(Object(Illuminate\Http\Request))
#21 C:\xampp\htdocs\api_shopadvisor\api_shopadvisor\vendor\laravel\framework\src\Illuminate\Pipeline\Pipeline.php(103): call_user_func(Object(Closure), Object(Illuminate\Http\Request))
#22 C:\xampp\htdocs\api_shopadvisor\api_shopadvisor\vendor\laravel\framework\src\Illuminate\Routing\ControllerDispatcher.php(96): Illuminate\Pipeline\Pipeline->then(Object(Closure))
#23 C:\xampp\htdocs\api_shopadvisor\api_shopadvisor\vendor\laravel\framework\src\Illuminate\Routing\ControllerDispatcher.php(54): Illuminate\Routing\ControllerDispatcher->callWithinStack(Object(App\Http\Controllers\PlaceController), Object(Illuminate\Routing\Route), Object(Illuminate\Http\Request), 'store')
#24 C:\xampp\htdocs\api_shopadvisor\api_shopadvisor\vendor\laravel\framework\src\Illuminate\Routing\Route.php(174): Illuminate\Routing\ControllerDispatcher->dispatch(Object(Illuminate\Routing\Route), Object(Illuminate\Http\Request), 'App\\Http\\Contro...', 'store')
#25 C:\xampp\htdocs\api_shopadvisor\api_shopadvisor\vendor\laravel\framework\src\Illuminate\Routing\Route.php(140): Illuminate\Routing\Route->runController(Object(Illuminate\Http\Request))
#26 C:\xampp\htdocs\api_shopadvisor\api_shopadvisor\vendor\laravel\framework\src\Illuminate\Routing\Router.php(724): Illuminate\Routing\Route->run(Object(Illuminate\Http\Request))
#27 [internal function]: Illuminate\Routing\Router->Illuminate\Routing\{closure}(Object(Illuminate\Http\Request))
#28 C:\xampp\htdocs\api_shopadvisor\api_shopadvisor\vendor\laravel\framework\src\Illuminate\Routing\Pipeline.php(52): call_user_func(Object(Closure), Object(Illuminate\Http\Request))
#29 C:\xampp\htdocs\api_shopadvisor\api_shopadvisor\vendor\laravel\framework\src\Illuminate\View\Middleware\ShareErrorsFromSession.php(49): Illuminate\Routing\Pipeline->Illuminate\Routing\{closure}(Object(Illuminate\Http\Request))
#30 [internal function]: Illuminate\View\Middleware\ShareErrorsFromSession->handle(Object(Illuminate\Http\Request), Object(Closure))
#31 C:\xampp\htdocs\api_shopadvisor\api_shopadvisor\vendor\laravel\framework\src\Illuminate\Pipeline\Pipeline.php(136): call_user_func_array(Array, Array)
#32 [internal function]: Illuminate\Pipeline\Pipeline->Illuminate\Pipeline\{closure}(Object(Illuminate\Http\Request))
#33 C:\xampp\htdocs\api_shopadvisor\api_shopadvisor\vendor\laravel\framework\src\Illuminate\Routing\Pipeline.php(32): call_user_func(Object(Closure), Object(Illuminate\Http\Request))
#34 C:\xampp\htdocs\api_shopadvisor\api_shopadvisor\vendor\laravel\framework\src\Illuminate\Session\Middleware\StartSession.php(62): Illuminate\Routing\Pipeline->Illuminate\Routing\{closure}(Object(Illuminate\Http\Request))
#35 [internal function]: Illuminate\Session\Middleware\StartSession->handle(Object(Illuminate\Http\Request), Object(Closure))
#36 C:\xampp\htdocs\api_shopadvisor\api_shopadvisor\vendor\laravel\framework\src\Illuminate\Pipeline\Pipeline.php(136): call_user_func_array(Array, Array)
#37 [internal function]: Illuminate\Pipeline\Pipeline->Illuminate\Pipeline\{closure}(Object(Illuminate\Http\Request))
#38 C:\xampp\htdocs\api_shopadvisor\api_shopadvisor\vendor\laravel\framework\src\Illuminate\Routing\Pipeline.php(32): call_user_func(Object(Closure), Object(Illuminate\Http\Request))
#39 C:\xampp\htdocs\api_shopadvisor\api_shopadvisor\vendor\laravel\framework\src\Illuminate\Cookie\Middleware\AddQueuedCookiesToResponse.php(37): Illuminate\Routing\Pipeline->Illuminate\Routing\{closure}(Object(Illuminate\Http\Request))
#40 [internal function]: Illuminate\Cookie\Middleware\AddQueuedCookiesToResponse->handle(Object(Illuminate\Http\Request), Object(Closure))
#41 C:\xampp\htdocs\api_shopadvisor\api_shopadvisor\vendor\laravel\framework\src\Illuminate\Pipeline\Pipeline.php(136): call_user_func_array(Array, Array)
#42 [internal function]: Illuminate\Pipeline\Pipeline->Illuminate\Pipeline\{closure}(Object(Illuminate\Http\Request))
#43 C:\xampp\htdocs\api_shopadvisor\api_shopadvisor\vendor\laravel\framework\src\Illuminate\Routing\Pipeline.php(32): call_user_func(Object(Closure), Object(Illuminate\Http\Request))
#44 C:\xampp\htdocs\api_shopadvisor\api_shopadvisor\vendor\laravel\framework\src\Illuminate\Cookie\Middleware\EncryptCookies.php(59): Illuminate\Routing\Pipeline->Illuminate\Routing\{closure}(Object(Illuminate\Http\Request))
#45 [internal function]: Illuminate\Cookie\Middleware\EncryptCookies->handle(Object(Illuminate\Http\Request), Object(Closure))
#46 C:\xampp\htdocs\api_shopadvisor\api_shopadvisor\vendor\laravel\framework\src\Illuminate\Pipeline\Pipeline.php(136): call_user_func_array(Array, Array)
#47 [internal function]: Illuminate\Pipeline\Pipeline->Illuminate\Pipeline\{closure}(Object(Illuminate\Http\Request))
#48 C:\xampp\htdocs\api_shopadvisor\api_shopadvisor\vendor\laravel\framework\src\Illuminate\Routing\Pipeline.php(32): call_user_func(Object(Closure), Object(Illuminate\Http\Request))
#49 [internal function]: Illuminate\Routing\Pipeline->Illuminate\Routing\{closure}(Object(Illuminate\Http\Request))
#50 C:\xampp\htdocs\api_shopadvisor\api_shopadvisor\vendor\laravel\framework\src\Illuminate\Pipeline\Pipeline.php(103): call_user_func(Object(Closure), Object(Illuminate\Http\Request))
#51 C:\xampp\htdocs\api_shopadvisor\api_shopadvisor\vendor\laravel\framework\src\Illuminate\Routing\Router.php(726): Illuminate\Pipeline\Pipeline->then(Object(Closure))
#52 C:\xampp\htdocs\api_shopadvisor\api_shopadvisor\vendor\laravel\framework\src\Illuminate\Routing\Router.php(699): Illuminate\Routing\Router->runRouteWithinStack(Object(Illuminate\Routing\Route), Object(Illuminate\Http\Request))
#53 C:\xampp\htdocs\api_shopadvisor\api_shopadvisor\vendor\laravel\framework\src\Illuminate\Routing\Router.php(675): Illuminate\Routing\Router->dispatchToRoute(Object(Illuminate\Http\Request))
#54 C:\xampp\htdocs\api_shopadvisor\api_shopadvisor\vendor\laravel\framework\src\Illuminate\Foundation\Http\Kernel.php(246): Illuminate\Routing\Router->dispatch(Object(Illuminate\Http\Request))
#55 [internal function]: Illuminate\Foundation\Http\Kernel->Illuminate\Foundation\Http\{closure}(Object(Illuminate\Http\Request))
#56 C:\xampp\htdocs\api_shopadvisor\api_shopadvisor\vendor\laravel\framework\src\Illuminate\Routing\Pipeline.php(52): call_user_func(Object(Closure), Object(Illuminate\Http\Request))
#57 C:\xampp\htdocs\api_shopadvisor\api_shopadvisor\vendor\laravel\framework\src\Illuminate\Foundation\Http\Middleware\CheckForMaintenanceMode.php(44): Illuminate\Routing\Pipeline->Illuminate\Routing\{closure}(Object(Illuminate\Http\Request))
#58 [internal function]: Illuminate\Foundation\Http\Middleware\CheckForMaintenanceMode->handle(Object(Illuminate\Http\Request), Object(Closure))
#59 C:\xampp\htdocs\api_shopadvisor\api_shopadvisor\vendor\laravel\framework\src\Illuminate\Pipeline\Pipeline.php(136): call_user_func_array(Array, Array)
#60 [internal function]: Illuminate\Pipeline\Pipeline->Illuminate\Pipeline\{closure}(Object(Illuminate\Http\Request))
#61 C:\xampp\htdocs\api_shopadvisor\api_shopadvisor\vendor\laravel\framework\src\Illuminate\Routing\Pipeline.php(32): call_user_func(Object(Closure), Object(Illuminate\Http\Request))
#62 [internal function]: Illuminate\Routing\Pipeline->Illuminate\Routing\{closure}(Object(Illuminate\Http\Request))
#63 C:\xampp\htdocs\api_shopadvisor\api_shopadvisor\vendor\laravel\framework\src\Illuminate\Pipeline\Pipeline.php(103): call_user_func(Object(Closure), Object(Illuminate\Http\Request))
#64 C:\xampp\htdocs\api_shopadvisor\api_shopadvisor\vendor\laravel\framework\src\Illuminate\Foundation\Http\Kernel.php(132): Illuminate\Pipeline\Pipeline->then(Object(Closure))
#65 C:\xampp\htdocs\api_shopadvisor\api_shopadvisor\vendor\laravel\framework\src\Illuminate\Foundation\Http\Kernel.php(99): Illuminate\Foundation\Http\Kernel->sendRequestThroughRouter(Object(Illuminate\Http\Request))
#66 C:\xampp\htdocs\api_shopadvisor\api_shopadvisor\public\index.php(54): Illuminate\Foundation\Http\Kernel->handle(Object(Illuminate\Http\Request))
#67 {main}

Next exception 'Illuminate\Database\QueryException' with message 'SQLSTATE[23502]: Not null violation: 7 ERROR:  el valor null para la columna «latitude» viola la restricción not null
DETAIL:  La fila que falla contiene (56, Prueba andriod, null, null, 2016-05-11 21:37:40, 2016-05-11 21:37:40). (SQL: insert into "place" ("name", "latitude", "longitude", "updated_at", "created_at") values (Prueba andriod, , , 2016-05-11 21:37:40, 2016-05-11 21:37:40) returning "id")' in C:\xampp\htdocs\api_shopadvisor\api_shopadvisor\vendor\laravel\framework\src\Illuminate\Database\Connection.php:673
Stack trace:
#0 C:\xampp\htdocs\api_shopadvisor\api_shopadvisor\vendor\laravel\framework\src\Illuminate\Database\Connection.php(629): Illuminate\Database\Connection->runQueryCallback('insert into "pl...', Array, Object(Closure))
#1 C:\xampp\htdocs\api_shopadvisor\api_shopadvisor\vendor\laravel\framework\src\Illuminate\Database\Connection.php(342): Illuminate\Database\Connection->run('insert into "pl...', Array, Object(Closure))
#2 C:\xampp\htdocs\api_shopadvisor\api_shopadvisor\vendor\laravel\framework\src\Illuminate\Database\Connection.php(312): Illuminate\Database\Connection->select('insert into "pl...', Array, false)
#3 C:\xampp\htdocs\api_shopadvisor\api_shopadvisor\vendor\laravel\framework\src\Illuminate\Database\Query\Processors\PostgresProcessor.php(20): Illuminate\Database\Connection->selectFromWriteConnection('insert into "pl...', Array)
#4 C:\xampp\htdocs\api_shopadvisor\api_shopadvisor\vendor\laravel\framework\src\Illuminate\Database\Query\Builder.php(1970): Illuminate\Database\Query\Processors\PostgresProcessor->processInsertGetId(Object(Illuminate\Database\Query\Builder), 'insert into "pl...', Array, 'id')
#5 [internal function]: Illuminate\Database\Query\Builder->insertGetId(Array, 'id')
#6 C:\xampp\htdocs\api_shopadvisor\api_shopadvisor\vendor\laravel\framework\src\Illuminate\Database\Eloquent\Builder.php(1337): call_user_func_array(Array, Array)
#7 C:\xampp\htdocs\api_shopadvisor\api_shopadvisor\vendor\laravel\framework\src\Illuminate\Database\Eloquent\Model.php(1621): Illuminate\Database\Eloquent\Builder->__call('insertGetId', Array)
#8 C:\xampp\htdocs\api_shopadvisor\api_shopadvisor\vendor\laravel\framework\src\Illuminate\Database\Eloquent\Model.php(1621): Illuminate\Database\Eloquent\Builder->insertGetId(Array, 'id')
#9 C:\xampp\htdocs\api_shopadvisor\api_shopadvisor\vendor\laravel\framework\src\Illuminate\Database\Eloquent\Model.php(1590): Illuminate\Database\Eloquent\Model->insertAndSetId(Object(Illuminate\Database\Eloquent\Builder), Array)
#10 C:\xampp\htdocs\api_shopadvisor\api_shopadvisor\vendor\laravel\framework\src\Illuminate\Database\Eloquent\Model.php(1481): Illuminate\Database\Eloquent\Model->performInsert(Object(Illuminate\Database\Eloquent\Builder), Array)
#11 C:\xampp\htdocs\api_shopadvisor\api_shopadvisor\app\Http\Controllers\PlaceController.php(53): Illuminate\Database\Eloquent\Model->save()
#12 [internal function]: App\Http\Controllers\PlaceController->store()
#13 C:\xampp\htdocs\api_shopadvisor\api_shopadvisor\vendor\laravel\framework\src\Illuminate\Routing\Controller.php(80): call_user_func_array(Array, Array)
#14 C:\xampp\htdocs\api_shopadvisor\api_shopadvisor\vendor\laravel\framework\src\Illuminate\Routing\ControllerDispatcher.php(146): Illuminate\Routing\Controller->callAction('store', Array)
#15 C:\xampp\htdocs\api_shopadvisor\api_shopadvisor\vendor\laravel\framework\src\Illuminate\Routing\ControllerDispatcher.php(94): Illuminate\Routing\ControllerDispatcher->call(Object(App\Http\Controllers\PlaceController), Object(Illuminate\Routing\Route), 'store')
#16 [internal function]: Illuminate\Routing\ControllerDispatcher->Illuminate\Routing\{closure}(Object(Illuminate\Http\Request))
#17 C:\xampp\htdocs\api_shopadvisor\api_shopadvisor\vendor\laravel\framework\src\Illuminate\Routing\Pipeline.php(52): call_user_func(Object(Closure), Object(Illuminate\Http\Request))
#18 [internal function]: Illuminate\Routing\Pipeline->Illuminate\Routing\{closure}(Object(Illuminate\Http\Request))
#19 C:\xampp\htdocs\api_shopadvisor\api_shopadvisor\vendor\laravel\framework\src\Illuminate\Pipeline\Pipeline.php(103): call_user_func(Object(Closure), Object(Illuminate\Http\Request))
#20 C:\xampp\htdocs\api_shopadvisor\api_shopadvisor\vendor\laravel\framework\src\Illuminate\Routing\ControllerDispatcher.php(96): Illuminate\Pipeline\Pipeline->then(Object(Closure))
#21 C:\xampp\htdocs\api_shopadvisor\api_shopadvisor\vendor\laravel\framework\src\Illuminate\Routing\ControllerDispatcher.php(54): Illuminate\Routing\ControllerDispatcher->callWithinStack(Object(App\Http\Controllers\PlaceController), Object(Illuminate\Routing\Route), Object(Illuminate\Http\Request), 'store')
#22 C:\xampp\htdocs\api_shopadvisor\api_shopadvisor\vendor\laravel\framework\src\Illuminate\Routing\Route.php(174): Illuminate\Routing\ControllerDispatcher->dispatch(Object(Illuminate\Routing\Route), Object(Illuminate\Http\Request), 'App\\Http\\Contro...', 'store')
#23 C:\xampp\htdocs\api_shopadvisor\api_shopadvisor\vendor\laravel\framework\src\Illuminate\Routing\Route.php(140): Illuminate\Routing\Route->runController(Object(Illuminate\Http\Request))
#24 C:\xampp\htdocs\api_shopadvisor\api_shopadvisor\vendor\laravel\framework\src\Illuminate\Routing\Router.php(724): Illuminate\Routing\Route->run(Object(Illuminate\Http\Request))
#25 [internal function]: Illuminate\Routing\Router->Illuminate\Routing\{closure}(Object(Illuminate\Http\Request))
#26 C:\xampp\htdocs\api_shopadvisor\api_shopadvisor\vendor\laravel\framework\src\Illuminate\Routing\Pipeline.php(52): call_user_func(Object(Closure), Object(Illuminate\Http\Request))
#27 C:\xampp\htdocs\api_shopadvisor\api_shopadvisor\vendor\laravel\framework\src\Illuminate\View\Middleware\ShareErrorsFromSession.php(49): Illuminate\Routing\Pipeline->Illuminate\Routing\{closure}(Object(Illuminate\Http\Request))
#28 [internal function]: Illuminate\View\Middleware\ShareErrorsFromSession->handle(Object(Illuminate\Http\Request), Object(Closure))
#29 C:\xampp\htdocs\api_shopadvisor\api_shopadvisor\vendor\laravel\framework\src\Illuminate\Pipeline\Pipeline.php(136): call_user_func_array(Array, Array)
#30 [internal function]: Illuminate\Pipeline\Pipeline->Illuminate\Pipeline\{closure}(Object(Illuminate\Http\Request))
#31 C:\xampp\htdocs\api_shopadvisor\api_shopadvisor\vendor\laravel\framework\src\Illuminate\Routing\Pipeline.php(32): call_user_func(Object(Closure), Object(Illuminate\Http\Request))
#32 C:\xampp\htdocs\api_shopadvisor\api_shopadvisor\vendor\laravel\framework\src\Illuminate\Session\Middleware\StartSession.php(62): Illuminate\Routing\Pipeline->Illuminate\Routing\{closure}(Object(Illuminate\Http\Request))
#33 [internal function]: Illuminate\Session\Middleware\StartSession->handle(Object(Illuminate\Http\Request), Object(Closure))
#34 C:\xampp\htdocs\api_shopadvisor\api_shopadvisor\vendor\laravel\framework\src\Illuminate\Pipeline\Pipeline.php(136): call_user_func_array(Array, Array)
#35 [internal function]: Illuminate\Pipeline\Pipeline->Illuminate\Pipeline\{closure}(Object(Illuminate\Http\Request))
#36 C:\xampp\htdocs\api_shopadvisor\api_shopadvisor\vendor\laravel\framework\src\Illuminate\Routing\Pipeline.php(32): call_user_func(Object(Closure), Object(Illuminate\Http\Request))
#37 C:\xampp\htdocs\api_shopadvisor\api_shopadvisor\vendor\laravel\framework\src\Illuminate\Cookie\Middleware\AddQueuedCookiesToResponse.php(37): Illuminate\Routing\Pipeline->Illuminate\Routing\{closure}(Object(Illuminate\Http\Request))
#38 [internal function]: Illuminate\Cookie\Middleware\AddQueuedCookiesToResponse->handle(Object(Illuminate\Http\Request), Object(Closure))
#39 C:\xampp\htdocs\api_shopadvisor\api_shopadvisor\vendor\laravel\framework\src\Illuminate\Pipeline\Pipeline.php(136): call_user_func_array(Array, Array)
#40 [internal function]: Illuminate\Pipeline\Pipeline->Illuminate\Pipeline\{closure}(Object(Illuminate\Http\Request))
#41 C:\xampp\htdocs\api_shopadvisor\api_shopadvisor\vendor\laravel\framework\src\Illuminate\Routing\Pipeline.php(32): call_user_func(Object(Closure), Object(Illuminate\Http\Request))
#42 C:\xampp\htdocs\api_shopadvisor\api_shopadvisor\vendor\laravel\framework\src\Illuminate\Cookie\Middleware\EncryptCookies.php(59): Illuminate\Routing\Pipeline->Illuminate\Routing\{closure}(Object(Illuminate\Http\Request))
#43 [internal function]: Illuminate\Cookie\Middleware\EncryptCookies->handle(Object(Illuminate\Http\Request), Object(Closure))
#44 C:\xampp\htdocs\api_shopadvisor\api_shopadvisor\vendor\laravel\framework\src\Illuminate\Pipeline\Pipeline.php(136): call_user_func_array(Array, Array)
#45 [internal function]: Illuminate\Pipeline\Pipeline->Illuminate\Pipeline\{closure}(Object(Illuminate\Http\Request))
#46 C:\xampp\htdocs\api_shopadvisor\api_shopadvisor\vendor\laravel\framework\src\Illuminate\Routing\Pipeline.php(32): call_user_func(Object(Closure), Object(Illuminate\Http\Request))
#47 [internal function]: Illuminate\Routing\Pipeline->Illuminate\Routing\{closure}(Object(Illuminate\Http\Request))
#48 C:\xampp\htdocs\api_shopadvisor\api_shopadvisor\vendor\laravel\framework\src\Illuminate\Pipeline\Pipeline.php(103): call_user_func(Object(Closure), Object(Illuminate\Http\Request))
#49 C:\xampp\htdocs\api_shopadvisor\api_shopadvisor\vendor\laravel\framework\src\Illuminate\Routing\Router.php(726): Illuminate\Pipeline\Pipeline->then(Object(Closure))
#50 C:\xampp\htdocs\api_shopadvisor\api_shopadvisor\vendor\laravel\framework\src\Illuminate\Routing\Router.php(699): Illuminate\Routing\Router->runRouteWithinStack(Object(Illuminate\Routing\Route), Object(Illuminate\Http\Request))
#51 C:\xampp\htdocs\api_shopadvisor\api_shopadvisor\vendor\laravel\framework\src\Illuminate\Routing\Router.php(675): Illuminate\Routing\Router->dispatchToRoute(Object(Illuminate\Http\Request))
#52 C:\xampp\htdocs\api_shopadvisor\api_shopadvisor\vendor\laravel\framework\src\Illuminate\Foundation\Http\Kernel.php(246): Illuminate\Routing\Router->dispatch(Object(Illuminate\Http\Request))
#53 [internal function]: Illuminate\Foundation\Http\Kernel->Illuminate\Foundation\Http\{closure}(Object(Illuminate\Http\Request))
#54 C:\xampp\htdocs\api_shopadvisor\api_shopadvisor\vendor\laravel\framework\src\Illuminate\Routing\Pipeline.php(52): call_user_func(Object(Closure), Object(Illuminate\Http\Request))
#55 C:\xampp\htdocs\api_shopadvisor\api_shopadvisor\vendor\laravel\framework\src\Illuminate\Foundation\Http\Middleware\CheckForMaintenanceMode.php(44): Illuminate\Routing\Pipeline->Illuminate\Routing\{closure}(Object(Illuminate\Http\Request))
#56 [internal function]: Illuminate\Foundation\Http\Middleware\CheckForMaintenanceMode->handle(Object(Illuminate\Http\Request), Object(Closure))
#57 C:\xampp\htdocs\api_shopadvisor\api_shopadvisor\vendor\laravel\framework\src\Illuminate\Pipeline\Pipeline.php(136): call_user_func_array(Array, Array)
#58 [internal function]: Illuminate\Pipeline\Pipeline->Illuminate\Pipeline\{closure}(Object(Illuminate\Http\Request))
#59 C:\xampp\htdocs\api_shopadvisor\api_shopadvisor\vendor\laravel\framework\src\Illuminate\Routing\Pipeline.php(32): call_user_func(Object(Closure), Object(Illuminate\Http\Request))
#60 [internal function]: Illuminate\Routing\Pipeline->Illuminate\Routing\{closure}(Object(Illuminate\Http\Request))
#61 C:\xampp\htdocs\api_shopadvisor\api_shopadvisor\vendor\laravel\framework\src\Illuminate\Pipeline\Pipeline.php(103): call_user_func(Object(Closure), Object(Illuminate\Http\Request))
#62 C:\xampp\htdocs\api_shopadvisor\api_shopadvisor\vendor\laravel\framework\src\Illuminate\Foundation\Http\Kernel.php(132): Illuminate\Pipeline\Pipeline->then(Object(Closure))
#63 C:\xampp\htdocs\api_shopadvisor\api_shopadvisor\vendor\laravel\framework\src\Illuminate\Foundation\Http\Kernel.php(99): Illuminate\Foundation\Http\Kernel->sendRequestThroughRouter(Object(Illuminate\Http\Request))
#64 C:\xampp\htdocs\api_shopadvisor\api_shopadvisor\public\index.php(54): Illuminate\Foundation\Http\Kernel->handle(Object(Illuminate\Http\Request))
#65 {main}  
[2016-05-11 21:39:11] local.ERROR: exception 'PDOException' with message 'SQLSTATE[23502]: Not null violation: 7 ERROR:  el valor null para la columna «latitude» viola la restricción not null
DETAIL:  La fila que falla contiene (57, Prueba andriod, null, null, 2016-05-11 21:39:11, 2016-05-11 21:39:11).' in C:\xampp\htdocs\api_shopadvisor\api_shopadvisor\vendor\laravel\framework\src\Illuminate\Database\Connection.php:335
Stack trace:
#0 C:\xampp\htdocs\api_shopadvisor\api_shopadvisor\vendor\laravel\framework\src\Illuminate\Database\Connection.php(335): PDOStatement->execute(Array)
#1 C:\xampp\htdocs\api_shopadvisor\api_shopadvisor\vendor\laravel\framework\src\Illuminate\Database\Connection.php(666): Illuminate\Database\Connection->Illuminate\Database\{closure}(Object(Illuminate\Database\PostgresConnection), 'insert into "pl...', Array)
#2 C:\xampp\htdocs\api_shopadvisor\api_shopadvisor\vendor\laravel\framework\src\Illuminate\Database\Connection.php(629): Illuminate\Database\Connection->runQueryCallback('insert into "pl...', Array, Object(Closure))
#3 C:\xampp\htdocs\api_shopadvisor\api_shopadvisor\vendor\laravel\framework\src\Illuminate\Database\Connection.php(342): Illuminate\Database\Connection->run('insert into "pl...', Array, Object(Closure))
#4 C:\xampp\htdocs\api_shopadvisor\api_shopadvisor\vendor\laravel\framework\src\Illuminate\Database\Connection.php(312): Illuminate\Database\Connection->select('insert into "pl...', Array, false)
#5 C:\xampp\htdocs\api_shopadvisor\api_shopadvisor\vendor\laravel\framework\src\Illuminate\Database\Query\Processors\PostgresProcessor.php(20): Illuminate\Database\Connection->selectFromWriteConnection('insert into "pl...', Array)
#6 C:\xampp\htdocs\api_shopadvisor\api_shopadvisor\vendor\laravel\framework\src\Illuminate\Database\Query\Builder.php(1970): Illuminate\Database\Query\Processors\PostgresProcessor->processInsertGetId(Object(Illuminate\Database\Query\Builder), 'insert into "pl...', Array, 'id')
#7 [internal function]: Illuminate\Database\Query\Builder->insertGetId(Array, 'id')
#8 C:\xampp\htdocs\api_shopadvisor\api_shopadvisor\vendor\laravel\framework\src\Illuminate\Database\Eloquent\Builder.php(1337): call_user_func_array(Array, Array)
#9 C:\xampp\htdocs\api_shopadvisor\api_shopadvisor\vendor\laravel\framework\src\Illuminate\Database\Eloquent\Model.php(1621): Illuminate\Database\Eloquent\Builder->__call('insertGetId', Array)
#10 C:\xampp\htdocs\api_shopadvisor\api_shopadvisor\vendor\laravel\framework\src\Illuminate\Database\Eloquent\Model.php(1621): Illuminate\Database\Eloquent\Builder->insertGetId(Array, 'id')
#11 C:\xampp\htdocs\api_shopadvisor\api_shopadvisor\vendor\laravel\framework\src\Illuminate\Database\Eloquent\Model.php(1590): Illuminate\Database\Eloquent\Model->insertAndSetId(Object(Illuminate\Database\Eloquent\Builder), Array)
#12 C:\xampp\htdocs\api_shopadvisor\api_shopadvisor\vendor\laravel\framework\src\Illuminate\Database\Eloquent\Model.php(1481): Illuminate\Database\Eloquent\Model->performInsert(Object(Illuminate\Database\Eloquent\Builder), Array)
#13 C:\xampp\htdocs\api_shopadvisor\api_shopadvisor\app\Http\Controllers\PlaceController.php(53): Illuminate\Database\Eloquent\Model->save()
#14 [internal function]: App\Http\Controllers\PlaceController->store()
#15 C:\xampp\htdocs\api_shopadvisor\api_shopadvisor\vendor\laravel\framework\src\Illuminate\Routing\Controller.php(80): call_user_func_array(Array, Array)
#16 C:\xampp\htdocs\api_shopadvisor\api_shopadvisor\vendor\laravel\framework\src\Illuminate\Routing\ControllerDispatcher.php(146): Illuminate\Routing\Controller->callAction('store', Array)
#17 C:\xampp\htdocs\api_shopadvisor\api_shopadvisor\vendor\laravel\framework\src\Illuminate\Routing\ControllerDispatcher.php(94): Illuminate\Routing\ControllerDispatcher->call(Object(App\Http\Controllers\PlaceController), Object(Illuminate\Routing\Route), 'store')
#18 [internal function]: Illuminate\Routing\ControllerDispatcher->Illuminate\Routing\{closure}(Object(Illuminate\Http\Request))
#19 C:\xampp\htdocs\api_shopadvisor\api_shopadvisor\vendor\laravel\framework\src\Illuminate\Routing\Pipeline.php(52): call_user_func(Object(Closure), Object(Illuminate\Http\Request))
#20 [internal function]: Illuminate\Routing\Pipeline->Illuminate\Routing\{closure}(Object(Illuminate\Http\Request))
#21 C:\xampp\htdocs\api_shopadvisor\api_shopadvisor\vendor\laravel\framework\src\Illuminate\Pipeline\Pipeline.php(103): call_user_func(Object(Closure), Object(Illuminate\Http\Request))
#22 C:\xampp\htdocs\api_shopadvisor\api_shopadvisor\vendor\laravel\framework\src\Illuminate\Routing\ControllerDispatcher.php(96): Illuminate\Pipeline\Pipeline->then(Object(Closure))
#23 C:\xampp\htdocs\api_shopadvisor\api_shopadvisor\vendor\laravel\framework\src\Illuminate\Routing\ControllerDispatcher.php(54): Illuminate\Routing\ControllerDispatcher->callWithinStack(Object(App\Http\Controllers\PlaceController), Object(Illuminate\Routing\Route), Object(Illuminate\Http\Request), 'store')
#24 C:\xampp\htdocs\api_shopadvisor\api_shopadvisor\vendor\laravel\framework\src\Illuminate\Routing\Route.php(174): Illuminate\Routing\ControllerDispatcher->dispatch(Object(Illuminate\Routing\Route), Object(Illuminate\Http\Request), 'App\\Http\\Contro...', 'store')
#25 C:\xampp\htdocs\api_shopadvisor\api_shopadvisor\vendor\laravel\framework\src\Illuminate\Routing\Route.php(140): Illuminate\Routing\Route->runController(Object(Illuminate\Http\Request))
#26 C:\xampp\htdocs\api_shopadvisor\api_shopadvisor\vendor\laravel\framework\src\Illuminate\Routing\Router.php(724): Illuminate\Routing\Route->run(Object(Illuminate\Http\Request))
#27 [internal function]: Illuminate\Routing\Router->Illuminate\Routing\{closure}(Object(Illuminate\Http\Request))
#28 C:\xampp\htdocs\api_shopadvisor\api_shopadvisor\vendor\laravel\framework\src\Illuminate\Routing\Pipeline.php(52): call_user_func(Object(Closure), Object(Illuminate\Http\Request))
#29 C:\xampp\htdocs\api_shopadvisor\api_shopadvisor\vendor\laravel\framework\src\Illuminate\View\Middleware\ShareErrorsFromSession.php(49): Illuminate\Routing\Pipeline->Illuminate\Routing\{closure}(Object(Illuminate\Http\Request))
#30 [internal function]: Illuminate\View\Middleware\ShareErrorsFromSession->handle(Object(Illuminate\Http\Request), Object(Closure))
#31 C:\xampp\htdocs\api_shopadvisor\api_shopadvisor\vendor\laravel\framework\src\Illuminate\Pipeline\Pipeline.php(136): call_user_func_array(Array, Array)
#32 [internal function]: Illuminate\Pipeline\Pipeline->Illuminate\Pipeline\{closure}(Object(Illuminate\Http\Request))
#33 C:\xampp\htdocs\api_shopadvisor\api_shopadvisor\vendor\laravel\framework\src\Illuminate\Routing\Pipeline.php(32): call_user_func(Object(Closure), Object(Illuminate\Http\Request))
#34 C:\xampp\htdocs\api_shopadvisor\api_shopadvisor\vendor\laravel\framework\src\Illuminate\Session\Middleware\StartSession.php(62): Illuminate\Routing\Pipeline->Illuminate\Routing\{closure}(Object(Illuminate\Http\Request))
#35 [internal function]: Illuminate\Session\Middleware\StartSession->handle(Object(Illuminate\Http\Request), Object(Closure))
#36 C:\xampp\htdocs\api_shopadvisor\api_shopadvisor\vendor\laravel\framework\src\Illuminate\Pipeline\Pipeline.php(136): call_user_func_array(Array, Array)
#37 [internal function]: Illuminate\Pipeline\Pipeline->Illuminate\Pipeline\{closure}(Object(Illuminate\Http\Request))
#38 C:\xampp\htdocs\api_shopadvisor\api_shopadvisor\vendor\laravel\framework\src\Illuminate\Routing\Pipeline.php(32): call_user_func(Object(Closure), Object(Illuminate\Http\Request))
#39 C:\xampp\htdocs\api_shopadvisor\api_shopadvisor\vendor\laravel\framework\src\Illuminate\Cookie\Middleware\AddQueuedCookiesToResponse.php(37): Illuminate\Routing\Pipeline->Illuminate\Routing\{closure}(Object(Illuminate\Http\Request))
#40 [internal function]: Illuminate\Cookie\Middleware\AddQueuedCookiesToResponse->handle(Object(Illuminate\Http\Request), Object(Closure))
#41 C:\xampp\htdocs\api_shopadvisor\api_shopadvisor\vendor\laravel\framework\src\Illuminate\Pipeline\Pipeline.php(136): call_user_func_array(Array, Array)
#42 [internal function]: Illuminate\Pipeline\Pipeline->Illuminate\Pipeline\{closure}(Object(Illuminate\Http\Request))
#43 C:\xampp\htdocs\api_shopadvisor\api_shopadvisor\vendor\laravel\framework\src\Illuminate\Routing\Pipeline.php(32): call_user_func(Object(Closure), Object(Illuminate\Http\Request))
#44 C:\xampp\htdocs\api_shopadvisor\api_shopadvisor\vendor\laravel\framework\src\Illuminate\Cookie\Middleware\EncryptCookies.php(59): Illuminate\Routing\Pipeline->Illuminate\Routing\{closure}(Object(Illuminate\Http\Request))
#45 [internal function]: Illuminate\Cookie\Middleware\EncryptCookies->handle(Object(Illuminate\Http\Request), Object(Closure))
#46 C:\xampp\htdocs\api_shopadvisor\api_shopadvisor\vendor\laravel\framework\src\Illuminate\Pipeline\Pipeline.php(136): call_user_func_array(Array, Array)
#47 [internal function]: Illuminate\Pipeline\Pipeline->Illuminate\Pipeline\{closure}(Object(Illuminate\Http\Request))
#48 C:\xampp\htdocs\api_shopadvisor\api_shopadvisor\vendor\laravel\framework\src\Illuminate\Routing\Pipeline.php(32): call_user_func(Object(Closure), Object(Illuminate\Http\Request))
#49 [internal function]: Illuminate\Routing\Pipeline->Illuminate\Routing\{closure}(Object(Illuminate\Http\Request))
#50 C:\xampp\htdocs\api_shopadvisor\api_shopadvisor\vendor\laravel\framework\src\Illuminate\Pipeline\Pipeline.php(103): call_user_func(Object(Closure), Object(Illuminate\Http\Request))
#51 C:\xampp\htdocs\api_shopadvisor\api_shopadvisor\vendor\laravel\framework\src\Illuminate\Routing\Router.php(726): Illuminate\Pipeline\Pipeline->then(Object(Closure))
#52 C:\xampp\htdocs\api_shopadvisor\api_shopadvisor\vendor\laravel\framework\src\Illuminate\Routing\Router.php(699): Illuminate\Routing\Router->runRouteWithinStack(Object(Illuminate\Routing\Route), Object(Illuminate\Http\Request))
#53 C:\xampp\htdocs\api_shopadvisor\api_shopadvisor\vendor\laravel\framework\src\Illuminate\Routing\Router.php(675): Illuminate\Routing\Router->dispatchToRoute(Object(Illuminate\Http\Request))
#54 C:\xampp\htdocs\api_shopadvisor\api_shopadvisor\vendor\laravel\framework\src\Illuminate\Foundation\Http\Kernel.php(246): Illuminate\Routing\Router->dispatch(Object(Illuminate\Http\Request))
#55 [internal function]: Illuminate\Foundation\Http\Kernel->Illuminate\Foundation\Http\{closure}(Object(Illuminate\Http\Request))
#56 C:\xampp\htdocs\api_shopadvisor\api_shopadvisor\vendor\laravel\framework\src\Illuminate\Routing\Pipeline.php(52): call_user_func(Object(Closure), Object(Illuminate\Http\Request))
#57 C:\xampp\htdocs\api_shopadvisor\api_shopadvisor\vendor\laravel\framework\src\Illuminate\Foundation\Http\Middleware\CheckForMaintenanceMode.php(44): Illuminate\Routing\Pipeline->Illuminate\Routing\{closure}(Object(Illuminate\Http\Request))
#58 [internal function]: Illuminate\Foundation\Http\Middleware\CheckForMaintenanceMode->handle(Object(Illuminate\Http\Request), Object(Closure))
#59 C:\xampp\htdocs\api_shopadvisor\api_shopadvisor\vendor\laravel\framework\src\Illuminate\Pipeline\Pipeline.php(136): call_user_func_array(Array, Array)
#60 [internal function]: Illuminate\Pipeline\Pipeline->Illuminate\Pipeline\{closure}(Object(Illuminate\Http\Request))
#61 C:\xampp\htdocs\api_shopadvisor\api_shopadvisor\vendor\laravel\framework\src\Illuminate\Routing\Pipeline.php(32): call_user_func(Object(Closure), Object(Illuminate\Http\Request))
#62 [internal function]: Illuminate\Routing\Pipeline->Illuminate\Routing\{closure}(Object(Illuminate\Http\Request))
#63 C:\xampp\htdocs\api_shopadvisor\api_shopadvisor\vendor\laravel\framework\src\Illuminate\Pipeline\Pipeline.php(103): call_user_func(Object(Closure), Object(Illuminate\Http\Request))
#64 C:\xampp\htdocs\api_shopadvisor\api_shopadvisor\vendor\laravel\framework\src\Illuminate\Foundation\Http\Kernel.php(132): Illuminate\Pipeline\Pipeline->then(Object(Closure))
#65 C:\xampp\htdocs\api_shopadvisor\api_shopadvisor\vendor\laravel\framework\src\Illuminate\Foundation\Http\Kernel.php(99): Illuminate\Foundation\Http\Kernel->sendRequestThroughRouter(Object(Illuminate\Http\Request))
#66 C:\xampp\htdocs\api_shopadvisor\api_shopadvisor\public\index.php(54): Illuminate\Foundation\Http\Kernel->handle(Object(Illuminate\Http\Request))
#67 {main}

Next exception 'Illuminate\Database\QueryException' with message 'SQLSTATE[23502]: Not null violation: 7 ERROR:  el valor null para la columna «latitude» viola la restricción not null
DETAIL:  La fila que falla contiene (57, Prueba andriod, null, null, 2016-05-11 21:39:11, 2016-05-11 21:39:11). (SQL: insert into "place" ("name", "latitude", "longitude", "updated_at", "created_at") values (Prueba andriod, , , 2016-05-11 21:39:11, 2016-05-11 21:39:11) returning "id")' in C:\xampp\htdocs\api_shopadvisor\api_shopadvisor\vendor\laravel\framework\src\Illuminate\Database\Connection.php:673
Stack trace:
#0 C:\xampp\htdocs\api_shopadvisor\api_shopadvisor\vendor\laravel\framework\src\Illuminate\Database\Connection.php(629): Illuminate\Database\Connection->runQueryCallback('insert into "pl...', Array, Object(Closure))
#1 C:\xampp\htdocs\api_shopadvisor\api_shopadvisor\vendor\laravel\framework\src\Illuminate\Database\Connection.php(342): Illuminate\Database\Connection->run('insert into "pl...', Array, Object(Closure))
#2 C:\xampp\htdocs\api_shopadvisor\api_shopadvisor\vendor\laravel\framework\src\Illuminate\Database\Connection.php(312): Illuminate\Database\Connection->select('insert into "pl...', Array, false)
#3 C:\xampp\htdocs\api_shopadvisor\api_shopadvisor\vendor\laravel\framework\src\Illuminate\Database\Query\Processors\PostgresProcessor.php(20): Illuminate\Database\Connection->selectFromWriteConnection('insert into "pl...', Array)
#4 C:\xampp\htdocs\api_shopadvisor\api_shopadvisor\vendor\laravel\framework\src\Illuminate\Database\Query\Builder.php(1970): Illuminate\Database\Query\Processors\PostgresProcessor->processInsertGetId(Object(Illuminate\Database\Query\Builder), 'insert into "pl...', Array, 'id')
#5 [internal function]: Illuminate\Database\Query\Builder->insertGetId(Array, 'id')
#6 C:\xampp\htdocs\api_shopadvisor\api_shopadvisor\vendor\laravel\framework\src\Illuminate\Database\Eloquent\Builder.php(1337): call_user_func_array(Array, Array)
#7 C:\xampp\htdocs\api_shopadvisor\api_shopadvisor\vendor\laravel\framework\src\Illuminate\Database\Eloquent\Model.php(1621): Illuminate\Database\Eloquent\Builder->__call('insertGetId', Array)
#8 C:\xampp\htdocs\api_shopadvisor\api_shopadvisor\vendor\laravel\framework\src\Illuminate\Database\Eloquent\Model.php(1621): Illuminate\Database\Eloquent\Builder->insertGetId(Array, 'id')
#9 C:\xampp\htdocs\api_shopadvisor\api_shopadvisor\vendor\laravel\framework\src\Illuminate\Database\Eloquent\Model.php(1590): Illuminate\Database\Eloquent\Model->insertAndSetId(Object(Illuminate\Database\Eloquent\Builder), Array)
#10 C:\xampp\htdocs\api_shopadvisor\api_shopadvisor\vendor\laravel\framework\src\Illuminate\Database\Eloquent\Model.php(1481): Illuminate\Database\Eloquent\Model->performInsert(Object(Illuminate\Database\Eloquent\Builder), Array)
#11 C:\xampp\htdocs\api_shopadvisor\api_shopadvisor\app\Http\Controllers\PlaceController.php(53): Illuminate\Database\Eloquent\Model->save()
#12 [internal function]: App\Http\Controllers\PlaceController->store()
#13 C:\xampp\htdocs\api_shopadvisor\api_shopadvisor\vendor\laravel\framework\src\Illuminate\Routing\Controller.php(80): call_user_func_array(Array, Array)
#14 C:\xampp\htdocs\api_shopadvisor\api_shopadvisor\vendor\laravel\framework\src\Illuminate\Routing\ControllerDispatcher.php(146): Illuminate\Routing\Controller->callAction('store', Array)
#15 C:\xampp\htdocs\api_shopadvisor\api_shopadvisor\vendor\laravel\framework\src\Illuminate\Routing\ControllerDispatcher.php(94): Illuminate\Routing\ControllerDispatcher->call(Object(App\Http\Controllers\PlaceController), Object(Illuminate\Routing\Route), 'store')
#16 [internal function]: Illuminate\Routing\ControllerDispatcher->Illuminate\Routing\{closure}(Object(Illuminate\Http\Request))
#17 C:\xampp\htdocs\api_shopadvisor\api_shopadvisor\vendor\laravel\framework\src\Illuminate\Routing\Pipeline.php(52): call_user_func(Object(Closure), Object(Illuminate\Http\Request))
#18 [internal function]: Illuminate\Routing\Pipeline->Illuminate\Routing\{closure}(Object(Illuminate\Http\Request))
#19 C:\xampp\htdocs\api_shopadvisor\api_shopadvisor\vendor\laravel\framework\src\Illuminate\Pipeline\Pipeline.php(103): call_user_func(Object(Closure), Object(Illuminate\Http\Request))
#20 C:\xampp\htdocs\api_shopadvisor\api_shopadvisor\vendor\laravel\framework\src\Illuminate\Routing\ControllerDispatcher.php(96): Illuminate\Pipeline\Pipeline->then(Object(Closure))
#21 C:\xampp\htdocs\api_shopadvisor\api_shopadvisor\vendor\laravel\framework\src\Illuminate\Routing\ControllerDispatcher.php(54): Illuminate\Routing\ControllerDispatcher->callWithinStack(Object(App\Http\Controllers\PlaceController), Object(Illuminate\Routing\Route), Object(Illuminate\Http\Request), 'store')
#22 C:\xampp\htdocs\api_shopadvisor\api_shopadvisor\vendor\laravel\framework\src\Illuminate\Routing\Route.php(174): Illuminate\Routing\ControllerDispatcher->dispatch(Object(Illuminate\Routing\Route), Object(Illuminate\Http\Request), 'App\\Http\\Contro...', 'store')
#23 C:\xampp\htdocs\api_shopadvisor\api_shopadvisor\vendor\laravel\framework\src\Illuminate\Routing\Route.php(140): Illuminate\Routing\Route->runController(Object(Illuminate\Http\Request))
#24 C:\xampp\htdocs\api_shopadvisor\api_shopadvisor\vendor\laravel\framework\src\Illuminate\Routing\Router.php(724): Illuminate\Routing\Route->run(Object(Illuminate\Http\Request))
#25 [internal function]: Illuminate\Routing\Router->Illuminate\Routing\{closure}(Object(Illuminate\Http\Request))
#26 C:\xampp\htdocs\api_shopadvisor\api_shopadvisor\vendor\laravel\framework\src\Illuminate\Routing\Pipeline.php(52): call_user_func(Object(Closure), Object(Illuminate\Http\Request))
#27 C:\xampp\htdocs\api_shopadvisor\api_shopadvisor\vendor\laravel\framework\src\Illuminate\View\Middleware\ShareErrorsFromSession.php(49): Illuminate\Routing\Pipeline->Illuminate\Routing\{closure}(Object(Illuminate\Http\Request))
#28 [internal function]: Illuminate\View\Middleware\ShareErrorsFromSession->handle(Object(Illuminate\Http\Request), Object(Closure))
#29 C:\xampp\htdocs\api_shopadvisor\api_shopadvisor\vendor\laravel\framework\src\Illuminate\Pipeline\Pipeline.php(136): call_user_func_array(Array, Array)
#30 [internal function]: Illuminate\Pipeline\Pipeline->Illuminate\Pipeline\{closure}(Object(Illuminate\Http\Request))
#31 C:\xampp\htdocs\api_shopadvisor\api_shopadvisor\vendor\laravel\framework\src\Illuminate\Routing\Pipeline.php(32): call_user_func(Object(Closure), Object(Illuminate\Http\Request))
#32 C:\xampp\htdocs\api_shopadvisor\api_shopadvisor\vendor\laravel\framework\src\Illuminate\Session\Middleware\StartSession.php(62): Illuminate\Routing\Pipeline->Illuminate\Routing\{closure}(Object(Illuminate\Http\Request))
#33 [internal function]: Illuminate\Session\Middleware\StartSession->handle(Object(Illuminate\Http\Request), Object(Closure))
#34 C:\xampp\htdocs\api_shopadvisor\api_shopadvisor\vendor\laravel\framework\src\Illuminate\Pipeline\Pipeline.php(136): call_user_func_array(Array, Array)
#35 [internal function]: Illuminate\Pipeline\Pipeline->Illuminate\Pipeline\{closure}(Object(Illuminate\Http\Request))
#36 C:\xampp\htdocs\api_shopadvisor\api_shopadvisor\vendor\laravel\framework\src\Illuminate\Routing\Pipeline.php(32): call_user_func(Object(Closure), Object(Illuminate\Http\Request))
#37 C:\xampp\htdocs\api_shopadvisor\api_shopadvisor\vendor\laravel\framework\src\Illuminate\Cookie\Middleware\AddQueuedCookiesToResponse.php(37): Illuminate\Routing\Pipeline->Illuminate\Routing\{closure}(Object(Illuminate\Http\Request))
#38 [internal function]: Illuminate\Cookie\Middleware\AddQueuedCookiesToResponse->handle(Object(Illuminate\Http\Request), Object(Closure))
#39 C:\xampp\htdocs\api_shopadvisor\api_shopadvisor\vendor\laravel\framework\src\Illuminate\Pipeline\Pipeline.php(136): call_user_func_array(Array, Array)
#40 [internal function]: Illuminate\Pipeline\Pipeline->Illuminate\Pipeline\{closure}(Object(Illuminate\Http\Request))
#41 C:\xampp\htdocs\api_shopadvisor\api_shopadvisor\vendor\laravel\framework\src\Illuminate\Routing\Pipeline.php(32): call_user_func(Object(Closure), Object(Illuminate\Http\Request))
#42 C:\xampp\htdocs\api_shopadvisor\api_shopadvisor\vendor\laravel\framework\src\Illuminate\Cookie\Middleware\EncryptCookies.php(59): Illuminate\Routing\Pipeline->Illuminate\Routing\{closure}(Object(Illuminate\Http\Request))
#43 [internal function]: Illuminate\Cookie\Middleware\EncryptCookies->handle(Object(Illuminate\Http\Request), Object(Closure))
#44 C:\xampp\htdocs\api_shopadvisor\api_shopadvisor\vendor\laravel\framework\src\Illuminate\Pipeline\Pipeline.php(136): call_user_func_array(Array, Array)
#45 [internal function]: Illuminate\Pipeline\Pipeline->Illuminate\Pipeline\{closure}(Object(Illuminate\Http\Request))
#46 C:\xampp\htdocs\api_shopadvisor\api_shopadvisor\vendor\laravel\framework\src\Illuminate\Routing\Pipeline.php(32): call_user_func(Object(Closure), Object(Illuminate\Http\Request))
#47 [internal function]: Illuminate\Routing\Pipeline->Illuminate\Routing\{closure}(Object(Illuminate\Http\Request))
#48 C:\xampp\htdocs\api_shopadvisor\api_shopadvisor\vendor\laravel\framework\src\Illuminate\Pipeline\Pipeline.php(103): call_user_func(Object(Closure), Object(Illuminate\Http\Request))
#49 C:\xampp\htdocs\api_shopadvisor\api_shopadvisor\vendor\laravel\framework\src\Illuminate\Routing\Router.php(726): Illuminate\Pipeline\Pipeline->then(Object(Closure))
#50 C:\xampp\htdocs\api_shopadvisor\api_shopadvisor\vendor\laravel\framework\src\Illuminate\Routing\Router.php(699): Illuminate\Routing\Router->runRouteWithinStack(Object(Illuminate\Routing\Route), Object(Illuminate\Http\Request))
#51 C:\xampp\htdocs\api_shopadvisor\api_shopadvisor\vendor\laravel\framework\src\Illuminate\Routing\Router.php(675): Illuminate\Routing\Router->dispatchToRoute(Object(Illuminate\Http\Request))
#52 C:\xampp\htdocs\api_shopadvisor\api_shopadvisor\vendor\laravel\framework\src\Illuminate\Foundation\Http\Kernel.php(246): Illuminate\Routing\Router->dispatch(Object(Illuminate\Http\Request))
#53 [internal function]: Illuminate\Foundation\Http\Kernel->Illuminate\Foundation\Http\{closure}(Object(Illuminate\Http\Request))
#54 C:\xampp\htdocs\api_shopadvisor\api_shopadvisor\vendor\laravel\framework\src\Illuminate\Routing\Pipeline.php(52): call_user_func(Object(Closure), Object(Illuminate\Http\Request))
#55 C:\xampp\htdocs\api_shopadvisor\api_shopadvisor\vendor\laravel\framework\src\Illuminate\Foundation\Http\Middleware\CheckForMaintenanceMode.php(44): Illuminate\Routing\Pipeline->Illuminate\Routing\{closure}(Object(Illuminate\Http\Request))
#56 [internal function]: Illuminate\Foundation\Http\Middleware\CheckForMaintenanceMode->handle(Object(Illuminate\Http\Request), Object(Closure))
#57 C:\xampp\htdocs\api_shopadvisor\api_shopadvisor\vendor\laravel\framework\src\Illuminate\Pipeline\Pipeline.php(136): call_user_func_array(Array, Array)
#58 [internal function]: Illuminate\Pipeline\Pipeline->Illuminate\Pipeline\{closure}(Object(Illuminate\Http\Request))
#59 C:\xampp\htdocs\api_shopadvisor\api_shopadvisor\vendor\laravel\framework\src\Illuminate\Routing\Pipeline.php(32): call_user_func(Object(Closure), Object(Illuminate\Http\Request))
#60 [internal function]: Illuminate\Routing\Pipeline->Illuminate\Routing\{closure}(Object(Illuminate\Http\Request))
#61 C:\xampp\htdocs\api_shopadvisor\api_shopadvisor\vendor\laravel\framework\src\Illuminate\Pipeline\Pipeline.php(103): call_user_func(Object(Closure), Object(Illuminate\Http\Request))
#62 C:\xampp\htdocs\api_shopadvisor\api_shopadvisor\vendor\laravel\framework\src\Illuminate\Foundation\Http\Kernel.php(132): Illuminate\Pipeline\Pipeline->then(Object(Closure))
#63 C:\xampp\htdocs\api_shopadvisor\api_shopadvisor\vendor\laravel\framework\src\Illuminate\Foundation\Http\Kernel.php(99): Illuminate\Foundation\Http\Kernel->sendRequestThroughRouter(Object(Illuminate\Http\Request))
#64 C:\xampp\htdocs\api_shopadvisor\api_shopadvisor\public\index.php(54): Illuminate\Foundation\Http\Kernel->handle(Object(Illuminate\Http\Request))
#65 {main}  
